mode: set
github.com/MichaelRobotics/Kubernetes/opentelemetry-demo/src/usermanagementservice/main.go:10.13,11.36 1 0
github.com/MichaelRobotics/Kubernetes/opentelemetry-demo/src/usermanagementservice/main.go:11.36,14.3 2 0
github.com/MichaelRobotics/Kubernetes/opentelemetry-demo/src/usermanagementservice/main.go:16.2,17.66 2 0
github.com/MichaelRobotics/Kubernetes/opentelemetry-demo/src/usermanagementservice/tests/mocks/db.go:15.52,17.16 2 0
github.com/MichaelRobotics/Kubernetes/opentelemetry-demo/src/usermanagementservice/tests/mocks/db.go:17.16,19.3 1 0
github.com/MichaelRobotics/Kubernetes/opentelemetry-demo/src/usermanagementservice/tests/mocks/db.go:21.2,21.22 1 0
github.com/MichaelRobotics/Kubernetes/opentelemetry-demo/src/usermanagementservice/tests/mocks/db.go:25.78,30.2 2 0
github.com/MichaelRobotics/Kubernetes/opentelemetry-demo/src/usermanagementservice/tests/mocks/db.go:33.92,38.2 2 0
github.com/MichaelRobotics/Kubernetes/opentelemetry-demo/src/usermanagementservice/tests/mocks/db.go:41.100,47.2 2 0
github.com/MichaelRobotics/Kubernetes/opentelemetry-demo/src/usermanagementservice/tests/mocks/db.go:50.67,54.2 1 0
github.com/MichaelRobotics/Kubernetes/opentelemetry-demo/src/usermanagementservice/tests/mocks/db.go:57.83,61.2 1 0
github.com/MichaelRobotics/Kubernetes/opentelemetry-demo/src/usermanagementservice/genproto/oteldemo/demo_grpc.pb.go:27.120,29.2 1 0
github.com/MichaelRobotics/Kubernetes/opentelemetry-demo/src/usermanagementservice/genproto/oteldemo/demo_grpc.pb.go:30.111,32.2 1 0
github.com/MichaelRobotics/Kubernetes/opentelemetry-demo/src/usermanagementservice/genproto/oteldemo/demo_grpc.pb.go:33.114,35.2 1 0
github.com/MichaelRobotics/Kubernetes/opentelemetry-demo/src/usermanagementservice/handlers/auth.go:27.85,33.2 1 0
github.com/MichaelRobotics/Kubernetes/opentelemetry-demo/src/usermanagementservice/handlers/auth.go:36.108,41.27 3 0
github.com/MichaelRobotics/Kubernetes/opentelemetry-demo/src/usermanagementservice/handlers/auth.go:41.27,45.3 3 0
github.com/MichaelRobotics/Kubernetes/opentelemetry-demo/src/usermanagementservice/handlers/auth.go:46.2,46.27 1 0
github.com/MichaelRobotics/Kubernetes/opentelemetry-demo/src/usermanagementservice/handlers/auth.go:46.27,50.3 3 0
github.com/MichaelRobotics/Kubernetes/opentelemetry-demo/src/usermanagementservice/handlers/auth.go:53.2,55.16 3 0
github.com/MichaelRobotics/Kubernetes/opentelemetry-demo/src/usermanagementservice/handlers/auth.go:55.16,59.3 3 0
github.com/MichaelRobotics/Kubernetes/opentelemetry-demo/src/usermanagementservice/handlers/auth.go:60.2,60.12 1 0
github.com/MichaelRobotics/Kubernetes/opentelemetry-demo/src/usermanagementservice/handlers/auth.go:60.12,64.3 3 0
github.com/MichaelRobotics/Kubernetes/opentelemetry-demo/src/usermanagementservice/handlers/auth.go:67.2,68.16 2 0
github.com/MichaelRobotics/Kubernetes/opentelemetry-demo/src/usermanagementservice/handlers/auth.go:68.16,72.3 3 0
github.com/MichaelRobotics/Kubernetes/opentelemetry-demo/src/usermanagementservice/handlers/auth.go:75.2,81.16 3 0
github.com/MichaelRobotics/Kubernetes/opentelemetry-demo/src/usermanagementservice/handlers/auth.go:81.16,85.3 3 0
github.com/MichaelRobotics/Kubernetes/opentelemetry-demo/src/usermanagementservice/handlers/auth.go:87.2,96.8 2 0
github.com/MichaelRobotics/Kubernetes/opentelemetry-demo/src/usermanagementservice/handlers/auth.go:100.99,112.16 6 0
github.com/MichaelRobotics/Kubernetes/opentelemetry-demo/src/usermanagementservice/handlers/auth.go:112.16,116.3 3 0
github.com/MichaelRobotics/Kubernetes/opentelemetry-demo/src/usermanagementservice/handlers/auth.go:119.2,120.16 2 0
github.com/MichaelRobotics/Kubernetes/opentelemetry-demo/src/usermanagementservice/handlers/auth.go:120.16,124.3 3 0
github.com/MichaelRobotics/Kubernetes/opentelemetry-demo/src/usermanagementservice/handlers/auth.go:127.2,133.16 3 0
github.com/MichaelRobotics/Kubernetes/opentelemetry-demo/src/usermanagementservice/handlers/auth.go:133.16,137.3 3 0
github.com/MichaelRobotics/Kubernetes/opentelemetry-demo/src/usermanagementservice/handlers/auth.go:139.2,147.8 2 0
github.com/MichaelRobotics/Kubernetes/opentelemetry-demo/src/usermanagementservice/handlers/auth.go:151.102,155.2 1 0
github.com/MichaelRobotics/Kubernetes/opentelemetry-demo/src/usermanagementservice/handlers/health.go:12.40,14.2 1 0
github.com/MichaelRobotics/Kubernetes/opentelemetry-demo/src/usermanagementservice/handlers/health.go:17.72,20.2 2 0
