mode: set
github.com/MichaelRobotics/Kubernetes/opentelemetry-demo/src/usermanagementservice/genproto/oteldemo/demo.pb.go:46.28,51.2 4 0
github.com/MichaelRobotics/Kubernetes/opentelemetry-demo/src/usermanagementservice/genproto/oteldemo/demo.pb.go:53.36,55.2 1 0
github.com/MichaelRobotics/Kubernetes/opentelemetry-demo/src/usermanagementservice/genproto/oteldemo/demo.pb.go:57.34,57.35 0 0
github.com/MichaelRobotics/Kubernetes/opentelemetry-demo/src/usermanagementservice/genproto/oteldemo/demo.pb.go:59.56,61.14 2 0
github.com/MichaelRobotics/Kubernetes/opentelemetry-demo/src/usermanagementservice/genproto/oteldemo/demo.pb.go:61.14,63.34 2 0
github.com/MichaelRobotics/Kubernetes/opentelemetry-demo/src/usermanagementservice/genproto/oteldemo/demo.pb.go:63.34,65.4 1 0
github.com/MichaelRobotics/Kubernetes/opentelemetry-demo/src/usermanagementservice/genproto/oteldemo/demo.pb.go:66.3,66.12 1 0
github.com/MichaelRobotics/Kubernetes/opentelemetry-demo/src/usermanagementservice/genproto/oteldemo/demo.pb.go:68.2,68.24 1 0
github.com/MichaelRobotics/Kubernetes/opentelemetry-demo/src/usermanagementservice/genproto/oteldemo/demo.pb.go:72.47,74.2 1 0
github.com/MichaelRobotics/Kubernetes/opentelemetry-demo/src/usermanagementservice/genproto/oteldemo/demo.pb.go:76.42,77.14 1 0
github.com/MichaelRobotics/Kubernetes/opentelemetry-demo/src/usermanagementservice/genproto/oteldemo/demo.pb.go:77.14,79.3 1 0
github.com/MichaelRobotics/Kubernetes/opentelemetry-demo/src/usermanagementservice/genproto/oteldemo/demo.pb.go:80.2,80.11 1 0
github.com/MichaelRobotics/Kubernetes/opentelemetry-demo/src/usermanagementservice/genproto/oteldemo/demo.pb.go:83.40,84.14 1 0
github.com/MichaelRobotics/Kubernetes/opentelemetry-demo/src/usermanagementservice/genproto/oteldemo/demo.pb.go:84.14,86.3 1 0
github.com/MichaelRobotics/Kubernetes/opentelemetry-demo/src/usermanagementservice/genproto/oteldemo/demo.pb.go:87.2,87.10 1 0
github.com/MichaelRobotics/Kubernetes/opentelemetry-demo/src/usermanagementservice/genproto/oteldemo/demo.pb.go:98.34,103.2 4 0
github.com/MichaelRobotics/Kubernetes/opentelemetry-demo/src/usermanagementservice/genproto/oteldemo/demo.pb.go:105.42,107.2 1 0
github.com/MichaelRobotics/Kubernetes/opentelemetry-demo/src/usermanagementservice/genproto/oteldemo/demo.pb.go:109.40,109.41 0 0
github.com/MichaelRobotics/Kubernetes/opentelemetry-demo/src/usermanagementservice/genproto/oteldemo/demo.pb.go:111.62,113.14 2 0
github.com/MichaelRobotics/Kubernetes/opentelemetry-demo/src/usermanagementservice/genproto/oteldemo/demo.pb.go:113.14,115.34 2 0
github.com/MichaelRobotics/Kubernetes/opentelemetry-demo/src/usermanagementservice/genproto/oteldemo/demo.pb.go:115.34,117.4 1 0
github.com/MichaelRobotics/Kubernetes/opentelemetry-demo/src/usermanagementservice/genproto/oteldemo/demo.pb.go:118.3,118.12 1 0
github.com/MichaelRobotics/Kubernetes/opentelemetry-demo/src/usermanagementservice/genproto/oteldemo/demo.pb.go:120.2,120.24 1 0
github.com/MichaelRobotics/Kubernetes/opentelemetry-demo/src/usermanagementservice/genproto/oteldemo/demo.pb.go:124.53,126.2 1 0
github.com/MichaelRobotics/Kubernetes/opentelemetry-demo/src/usermanagementservice/genproto/oteldemo/demo.pb.go:128.45,129.14 1 0
github.com/MichaelRobotics/Kubernetes/opentelemetry-demo/src/usermanagementservice/genproto/oteldemo/demo.pb.go:129.14,131.3 1 0
github.com/MichaelRobotics/Kubernetes/opentelemetry-demo/src/usermanagementservice/genproto/oteldemo/demo.pb.go:132.2,132.11 1 0
github.com/MichaelRobotics/Kubernetes/opentelemetry-demo/src/usermanagementservice/genproto/oteldemo/demo.pb.go:135.46,136.14 1 0
github.com/MichaelRobotics/Kubernetes/opentelemetry-demo/src/usermanagementservice/genproto/oteldemo/demo.pb.go:136.14,138.3 1 0
github.com/MichaelRobotics/Kubernetes/opentelemetry-demo/src/usermanagementservice/genproto/oteldemo/demo.pb.go:139.2,139.12 1 0
github.com/MichaelRobotics/Kubernetes/opentelemetry-demo/src/usermanagementservice/genproto/oteldemo/demo.pb.go:149.36,154.2 4 0
github.com/MichaelRobotics/Kubernetes/opentelemetry-demo/src/usermanagementservice/genproto/oteldemo/demo.pb.go:156.44,158.2 1 0
github.com/MichaelRobotics/Kubernetes/opentelemetry-demo/src/usermanagementservice/genproto/oteldemo/demo.pb.go:160.42,160.43 0 0
github.com/MichaelRobotics/Kubernetes/opentelemetry-demo/src/usermanagementservice/genproto/oteldemo/demo.pb.go:162.64,164.14 2 0
github.com/MichaelRobotics/Kubernetes/opentelemetry-demo/src/usermanagementservice/genproto/oteldemo/demo.pb.go:164.14,166.34 2 0
github.com/MichaelRobotics/Kubernetes/opentelemetry-demo/src/usermanagementservice/genproto/oteldemo/demo.pb.go:166.34,168.4 1 0
github.com/MichaelRobotics/Kubernetes/opentelemetry-demo/src/usermanagementservice/genproto/oteldemo/demo.pb.go:169.3,169.12 1 0
github.com/MichaelRobotics/Kubernetes/opentelemetry-demo/src/usermanagementservice/genproto/oteldemo/demo.pb.go:171.2,171.24 1 0
github.com/MichaelRobotics/Kubernetes/opentelemetry-demo/src/usermanagementservice/genproto/oteldemo/demo.pb.go:175.55,177.2 1 0
github.com/MichaelRobotics/Kubernetes/opentelemetry-demo/src/usermanagementservice/genproto/oteldemo/demo.pb.go:179.47,180.14 1 0
github.com/MichaelRobotics/Kubernetes/opentelemetry-demo/src/usermanagementservice/genproto/oteldemo/demo.pb.go:180.14,182.3 1 0
github.com/MichaelRobotics/Kubernetes/opentelemetry-demo/src/usermanagementservice/genproto/oteldemo/demo.pb.go:183.2,183.11 1 0
github.com/MichaelRobotics/Kubernetes/opentelemetry-demo/src/usermanagementservice/genproto/oteldemo/demo.pb.go:193.34,198.2 4 0
github.com/MichaelRobotics/Kubernetes/opentelemetry-demo/src/usermanagementservice/genproto/oteldemo/demo.pb.go:200.42,202.2 1 0
github.com/MichaelRobotics/Kubernetes/opentelemetry-demo/src/usermanagementservice/genproto/oteldemo/demo.pb.go:204.40,204.41 0 0
github.com/MichaelRobotics/Kubernetes/opentelemetry-demo/src/usermanagementservice/genproto/oteldemo/demo.pb.go:206.62,208.14 2 0
github.com/MichaelRobotics/Kubernetes/opentelemetry-demo/src/usermanagementservice/genproto/oteldemo/demo.pb.go:208.14,210.34 2 0
github.com/MichaelRobotics/Kubernetes/opentelemetry-demo/src/usermanagementservice/genproto/oteldemo/demo.pb.go:210.34,212.4 1 0
github.com/MichaelRobotics/Kubernetes/opentelemetry-demo/src/usermanagementservice/genproto/oteldemo/demo.pb.go:213.3,213.12 1 0
github.com/MichaelRobotics/Kubernetes/opentelemetry-demo/src/usermanagementservice/genproto/oteldemo/demo.pb.go:215.2,215.24 1 0
github.com/MichaelRobotics/Kubernetes/opentelemetry-demo/src/usermanagementservice/genproto/oteldemo/demo.pb.go:219.53,221.2 1 0
github.com/MichaelRobotics/Kubernetes/opentelemetry-demo/src/usermanagementservice/genproto/oteldemo/demo.pb.go:223.45,224.14 1 0
github.com/MichaelRobotics/Kubernetes/opentelemetry-demo/src/usermanagementservice/genproto/oteldemo/demo.pb.go:224.14,226.3 1 0
github.com/MichaelRobotics/Kubernetes/opentelemetry-demo/src/usermanagementservice/genproto/oteldemo/demo.pb.go:227.2,227.11 1 0
github.com/MichaelRobotics/Kubernetes/opentelemetry-demo/src/usermanagementservice/genproto/oteldemo/demo.pb.go:238.24,243.2 4 0
github.com/MichaelRobotics/Kubernetes/opentelemetry-demo/src/usermanagementservice/genproto/oteldemo/demo.pb.go:245.32,247.2 1 0
github.com/MichaelRobotics/Kubernetes/opentelemetry-demo/src/usermanagementservice/genproto/oteldemo/demo.pb.go:249.30,249.31 0 0
github.com/MichaelRobotics/Kubernetes/opentelemetry-demo/src/usermanagementservice/genproto/oteldemo/demo.pb.go:251.52,253.14 2 0
github.com/MichaelRobotics/Kubernetes/opentelemetry-demo/src/usermanagementservice/genproto/oteldemo/demo.pb.go:253.14,255.34 2 0
github.com/MichaelRobotics/Kubernetes/opentelemetry-demo/src/usermanagementservice/genproto/oteldemo/demo.pb.go:255.34,257.4 1 0
github.com/MichaelRobotics/Kubernetes/opentelemetry-demo/src/usermanagementservice/genproto/oteldemo/demo.pb.go:258.3,258.12 1 0
github.com/MichaelRobotics/Kubernetes/opentelemetry-demo/src/usermanagementservice/genproto/oteldemo/demo.pb.go:260.2,260.24 1 0
github.com/MichaelRobotics/Kubernetes/opentelemetry-demo/src/usermanagementservice/genproto/oteldemo/demo.pb.go:264.43,266.2 1 0
github.com/MichaelRobotics/Kubernetes/opentelemetry-demo/src/usermanagementservice/genproto/oteldemo/demo.pb.go:268.35,269.14 1 0
github.com/MichaelRobotics/Kubernetes/opentelemetry-demo/src/usermanagementservice/genproto/oteldemo/demo.pb.go:269.14,271.3 1 0
github.com/MichaelRobotics/Kubernetes/opentelemetry-demo/src/usermanagementservice/genproto/oteldemo/demo.pb.go:272.2,272.11 1 0
github.com/MichaelRobotics/Kubernetes/opentelemetry-demo/src/usermanagementservice/genproto/oteldemo/demo.pb.go:275.39,276.14 1 0
github.com/MichaelRobotics/Kubernetes/opentelemetry-demo/src/usermanagementservice/genproto/oteldemo/demo.pb.go:276.14,278.3 1 0
github.com/MichaelRobotics/Kubernetes/opentelemetry-demo/src/usermanagementservice/genproto/oteldemo/demo.pb.go:279.2,279.12 1 0
github.com/MichaelRobotics/Kubernetes/opentelemetry-demo/src/usermanagementservice/genproto/oteldemo/demo.pb.go:288.25,293.2 4 0
github.com/MichaelRobotics/Kubernetes/opentelemetry-demo/src/usermanagementservice/genproto/oteldemo/demo.pb.go:295.33,297.2 1 0
github.com/MichaelRobotics/Kubernetes/opentelemetry-demo/src/usermanagementservice/genproto/oteldemo/demo.pb.go:299.31,299.32 0 0
github.com/MichaelRobotics/Kubernetes/opentelemetry-demo/src/usermanagementservice/genproto/oteldemo/demo.pb.go:301.53,303.14 2 0
github.com/MichaelRobotics/Kubernetes/opentelemetry-demo/src/usermanagementservice/genproto/oteldemo/demo.pb.go:303.14,305.34 2 0
github.com/MichaelRobotics/Kubernetes/opentelemetry-demo/src/usermanagementservice/genproto/oteldemo/demo.pb.go:305.34,307.4 1 0
github.com/MichaelRobotics/Kubernetes/opentelemetry-demo/src/usermanagementservice/genproto/oteldemo/demo.pb.go:308.3,308.12 1 0
github.com/MichaelRobotics/Kubernetes/opentelemetry-demo/src/usermanagementservice/genproto/oteldemo/demo.pb.go:310.2,310.24 1 0
github.com/MichaelRobotics/Kubernetes/opentelemetry-demo/src/usermanagementservice/genproto/oteldemo/demo.pb.go:314.44,316.2 1 0
github.com/MichaelRobotics/Kubernetes/opentelemetry-demo/src/usermanagementservice/genproto/oteldemo/demo.pb.go:326.46,331.2 4 0
github.com/MichaelRobotics/Kubernetes/opentelemetry-demo/src/usermanagementservice/genproto/oteldemo/demo.pb.go:333.54,335.2 1 0
github.com/MichaelRobotics/Kubernetes/opentelemetry-demo/src/usermanagementservice/genproto/oteldemo/demo.pb.go:337.52,337.53 0 0
github.com/MichaelRobotics/Kubernetes/opentelemetry-demo/src/usermanagementservice/genproto/oteldemo/demo.pb.go:339.74,341.14 2 0
github.com/MichaelRobotics/Kubernetes/opentelemetry-demo/src/usermanagementservice/genproto/oteldemo/demo.pb.go:341.14,343.34 2 0
github.com/MichaelRobotics/Kubernetes/opentelemetry-demo/src/usermanagementservice/genproto/oteldemo/demo.pb.go:343.34,345.4 1 0
github.com/MichaelRobotics/Kubernetes/opentelemetry-demo/src/usermanagementservice/genproto/oteldemo/demo.pb.go:346.3,346.12 1 0
github.com/MichaelRobotics/Kubernetes/opentelemetry-demo/src/usermanagementservice/genproto/oteldemo/demo.pb.go:348.2,348.24 1 0
github.com/MichaelRobotics/Kubernetes/opentelemetry-demo/src/usermanagementservice/genproto/oteldemo/demo.pb.go:352.65,354.2 1 0
github.com/MichaelRobotics/Kubernetes/opentelemetry-demo/src/usermanagementservice/genproto/oteldemo/demo.pb.go:356.57,357.14 1 0
github.com/MichaelRobotics/Kubernetes/opentelemetry-demo/src/usermanagementservice/genproto/oteldemo/demo.pb.go:357.14,359.3 1 0
github.com/MichaelRobotics/Kubernetes/opentelemetry-demo/src/usermanagementservice/genproto/oteldemo/demo.pb.go:360.2,360.11 1 0
github.com/MichaelRobotics/Kubernetes/opentelemetry-demo/src/usermanagementservice/genproto/oteldemo/demo.pb.go:363.63,364.14 1 0
github.com/MichaelRobotics/Kubernetes/opentelemetry-demo/src/usermanagementservice/genproto/oteldemo/demo.pb.go:364.14,366.3 1 0
github.com/MichaelRobotics/Kubernetes/opentelemetry-demo/src/usermanagementservice/genproto/oteldemo/demo.pb.go:367.2,367.12 1 0
github.com/MichaelRobotics/Kubernetes/opentelemetry-demo/src/usermanagementservice/genproto/oteldemo/demo.pb.go:377.47,382.2 4 0
github.com/MichaelRobotics/Kubernetes/opentelemetry-demo/src/usermanagementservice/genproto/oteldemo/demo.pb.go:384.55,386.2 1 0
github.com/MichaelRobotics/Kubernetes/opentelemetry-demo/src/usermanagementservice/genproto/oteldemo/demo.pb.go:388.53,388.54 0 0
github.com/MichaelRobotics/Kubernetes/opentelemetry-demo/src/usermanagementservice/genproto/oteldemo/demo.pb.go:390.75,392.14 2 0
github.com/MichaelRobotics/Kubernetes/opentelemetry-demo/src/usermanagementservice/genproto/oteldemo/demo.pb.go:392.14,394.34 2 0
github.com/MichaelRobotics/Kubernetes/opentelemetry-demo/src/usermanagementservice/genproto/oteldemo/demo.pb.go:394.34,396.4 1 0
github.com/MichaelRobotics/Kubernetes/opentelemetry-demo/src/usermanagementservice/genproto/oteldemo/demo.pb.go:397.3,397.12 1 0
github.com/MichaelRobotics/Kubernetes/opentelemetry-demo/src/usermanagementservice/genproto/oteldemo/demo.pb.go:399.2,399.24 1 0
github.com/MichaelRobotics/Kubernetes/opentelemetry-demo/src/usermanagementservice/genproto/oteldemo/demo.pb.go:403.66,405.2 1 0
github.com/MichaelRobotics/Kubernetes/opentelemetry-demo/src/usermanagementservice/genproto/oteldemo/demo.pb.go:407.64,408.14 1 0
github.com/MichaelRobotics/Kubernetes/opentelemetry-demo/src/usermanagementservice/genproto/oteldemo/demo.pb.go:408.14,410.3 1 0
github.com/MichaelRobotics/Kubernetes/opentelemetry-demo/src/usermanagementservice/genproto/oteldemo/demo.pb.go:411.2,411.12 1 0
github.com/MichaelRobotics/Kubernetes/opentelemetry-demo/src/usermanagementservice/genproto/oteldemo/demo.pb.go:428.27,433.2 4 0
github.com/MichaelRobotics/Kubernetes/opentelemetry-demo/src/usermanagementservice/genproto/oteldemo/demo.pb.go:435.35,437.2 1 0
github.com/MichaelRobotics/Kubernetes/opentelemetry-demo/src/usermanagementservice/genproto/oteldemo/demo.pb.go:439.33,439.34 0 0
github.com/MichaelRobotics/Kubernetes/opentelemetry-demo/src/usermanagementservice/genproto/oteldemo/demo.pb.go:441.55,443.14 2 0
github.com/MichaelRobotics/Kubernetes/opentelemetry-demo/src/usermanagementservice/genproto/oteldemo/demo.pb.go:443.14,445.34 2 0
github.com/MichaelRobotics/Kubernetes/opentelemetry-demo/src/usermanagementservice/genproto/oteldemo/demo.pb.go:445.34,447.4 1 0
github.com/MichaelRobotics/Kubernetes/opentelemetry-demo/src/usermanagementservice/genproto/oteldemo/demo.pb.go:448.3,448.12 1 0
github.com/MichaelRobotics/Kubernetes/opentelemetry-demo/src/usermanagementservice/genproto/oteldemo/demo.pb.go:450.2,450.24 1 0
github.com/MichaelRobotics/Kubernetes/opentelemetry-demo/src/usermanagementservice/genproto/oteldemo/demo.pb.go:454.46,456.2 1 0
github.com/MichaelRobotics/Kubernetes/opentelemetry-demo/src/usermanagementservice/genproto/oteldemo/demo.pb.go:458.34,459.14 1 0
github.com/MichaelRobotics/Kubernetes/opentelemetry-demo/src/usermanagementservice/genproto/oteldemo/demo.pb.go:459.14,461.3 1 0
github.com/MichaelRobotics/Kubernetes/opentelemetry-demo/src/usermanagementservice/genproto/oteldemo/demo.pb.go:462.2,462.11 1 0
github.com/MichaelRobotics/Kubernetes/opentelemetry-demo/src/usermanagementservice/genproto/oteldemo/demo.pb.go:465.36,466.14 1 0
github.com/MichaelRobotics/Kubernetes/opentelemetry-demo/src/usermanagementservice/genproto/oteldemo/demo.pb.go:466.14,468.3 1 0
github.com/MichaelRobotics/Kubernetes/opentelemetry-demo/src/usermanagementservice/genproto/oteldemo/demo.pb.go:469.2,469.11 1 0
github.com/MichaelRobotics/Kubernetes/opentelemetry-demo/src/usermanagementservice/genproto/oteldemo/demo.pb.go:472.43,473.14 1 0
github.com/MichaelRobotics/Kubernetes/opentelemetry-demo/src/usermanagementservice/genproto/oteldemo/demo.pb.go:473.14,475.3 1 0
github.com/MichaelRobotics/Kubernetes/opentelemetry-demo/src/usermanagementservice/genproto/oteldemo/demo.pb.go:476.2,476.11 1 0
github.com/MichaelRobotics/Kubernetes/opentelemetry-demo/src/usermanagementservice/genproto/oteldemo/demo.pb.go:479.39,480.14 1 0
github.com/MichaelRobotics/Kubernetes/opentelemetry-demo/src/usermanagementservice/genproto/oteldemo/demo.pb.go:480.14,482.3 1 0
github.com/MichaelRobotics/Kubernetes/opentelemetry-demo/src/usermanagementservice/genproto/oteldemo/demo.pb.go:483.2,483.11 1 0
github.com/MichaelRobotics/Kubernetes/opentelemetry-demo/src/usermanagementservice/genproto/oteldemo/demo.pb.go:486.40,487.14 1 0
github.com/MichaelRobotics/Kubernetes/opentelemetry-demo/src/usermanagementservice/genproto/oteldemo/demo.pb.go:487.14,489.3 1 0
github.com/MichaelRobotics/Kubernetes/opentelemetry-demo/src/usermanagementservice/genproto/oteldemo/demo.pb.go:490.2,490.12 1 0
github.com/MichaelRobotics/Kubernetes/opentelemetry-demo/src/usermanagementservice/genproto/oteldemo/demo.pb.go:493.44,494.14 1 0
github.com/MichaelRobotics/Kubernetes/opentelemetry-demo/src/usermanagementservice/genproto/oteldemo/demo.pb.go:494.14,496.3 1 0
github.com/MichaelRobotics/Kubernetes/opentelemetry-demo/src/usermanagementservice/genproto/oteldemo/demo.pb.go:497.2,497.12 1 0
github.com/MichaelRobotics/Kubernetes/opentelemetry-demo/src/usermanagementservice/genproto/oteldemo/demo.pb.go:507.40,512.2 4 0
github.com/MichaelRobotics/Kubernetes/opentelemetry-demo/src/usermanagementservice/genproto/oteldemo/demo.pb.go:514.48,516.2 1 0
github.com/MichaelRobotics/Kubernetes/opentelemetry-demo/src/usermanagementservice/genproto/oteldemo/demo.pb.go:518.46,518.47 0 0
github.com/MichaelRobotics/Kubernetes/opentelemetry-demo/src/usermanagementservice/genproto/oteldemo/demo.pb.go:520.68,522.14 2 0
github.com/MichaelRobotics/Kubernetes/opentelemetry-demo/src/usermanagementservice/genproto/oteldemo/demo.pb.go:522.14,524.34 2 0
github.com/MichaelRobotics/Kubernetes/opentelemetry-demo/src/usermanagementservice/genproto/oteldemo/demo.pb.go:524.34,526.4 1 0
github.com/MichaelRobotics/Kubernetes/opentelemetry-demo/src/usermanagementservice/genproto/oteldemo/demo.pb.go:527.3,527.12 1 0
github.com/MichaelRobotics/Kubernetes/opentelemetry-demo/src/usermanagementservice/genproto/oteldemo/demo.pb.go:529.2,529.24 1 0
github.com/MichaelRobotics/Kubernetes/opentelemetry-demo/src/usermanagementservice/genproto/oteldemo/demo.pb.go:533.59,535.2 1 0
github.com/MichaelRobotics/Kubernetes/opentelemetry-demo/src/usermanagementservice/genproto/oteldemo/demo.pb.go:537.57,538.14 1 0
github.com/MichaelRobotics/Kubernetes/opentelemetry-demo/src/usermanagementservice/genproto/oteldemo/demo.pb.go:538.14,540.3 1 0
github.com/MichaelRobotics/Kubernetes/opentelemetry-demo/src/usermanagementservice/genproto/oteldemo/demo.pb.go:541.2,541.12 1 0
github.com/MichaelRobotics/Kubernetes/opentelemetry-demo/src/usermanagementservice/genproto/oteldemo/demo.pb.go:551.37,556.2 4 0
github.com/MichaelRobotics/Kubernetes/opentelemetry-demo/src/usermanagementservice/genproto/oteldemo/demo.pb.go:558.45,560.2 1 0
github.com/MichaelRobotics/Kubernetes/opentelemetry-demo/src/usermanagementservice/genproto/oteldemo/demo.pb.go:562.43,562.44 0 0
github.com/MichaelRobotics/Kubernetes/opentelemetry-demo/src/usermanagementservice/genproto/oteldemo/demo.pb.go:564.65,566.14 2 0
github.com/MichaelRobotics/Kubernetes/opentelemetry-demo/src/usermanagementservice/genproto/oteldemo/demo.pb.go:566.14,568.34 2 0
github.com/MichaelRobotics/Kubernetes/opentelemetry-demo/src/usermanagementservice/genproto/oteldemo/demo.pb.go:568.34,570.4 1 0
github.com/MichaelRobotics/Kubernetes/opentelemetry-demo/src/usermanagementservice/genproto/oteldemo/demo.pb.go:571.3,571.12 1 0
github.com/MichaelRobotics/Kubernetes/opentelemetry-demo/src/usermanagementservice/genproto/oteldemo/demo.pb.go:573.2,573.24 1 0
github.com/MichaelRobotics/Kubernetes/opentelemetry-demo/src/usermanagementservice/genproto/oteldemo/demo.pb.go:577.56,579.2 1 0
github.com/MichaelRobotics/Kubernetes/opentelemetry-demo/src/usermanagementservice/genproto/oteldemo/demo.pb.go:581.44,582.14 1 0
github.com/MichaelRobotics/Kubernetes/opentelemetry-demo/src/usermanagementservice/genproto/oteldemo/demo.pb.go:582.14,584.3 1 0
github.com/MichaelRobotics/Kubernetes/opentelemetry-demo/src/usermanagementservice/genproto/oteldemo/demo.pb.go:585.2,585.11 1 0
github.com/MichaelRobotics/Kubernetes/opentelemetry-demo/src/usermanagementservice/genproto/oteldemo/demo.pb.go:595.41,600.2 4 0
github.com/MichaelRobotics/Kubernetes/opentelemetry-demo/src/usermanagementservice/genproto/oteldemo/demo.pb.go:602.49,604.2 1 0
github.com/MichaelRobotics/Kubernetes/opentelemetry-demo/src/usermanagementservice/genproto/oteldemo/demo.pb.go:606.47,606.48 0 0
github.com/MichaelRobotics/Kubernetes/opentelemetry-demo/src/usermanagementservice/genproto/oteldemo/demo.pb.go:608.69,610.14 2 0
github.com/MichaelRobotics/Kubernetes/opentelemetry-demo/src/usermanagementservice/genproto/oteldemo/demo.pb.go:610.14,612.34 2 0
github.com/MichaelRobotics/Kubernetes/opentelemetry-demo/src/usermanagementservice/genproto/oteldemo/demo.pb.go:612.34,614.4 1 0
github.com/MichaelRobotics/Kubernetes/opentelemetry-demo/src/usermanagementservice/genproto/oteldemo/demo.pb.go:615.3,615.12 1 0
github.com/MichaelRobotics/Kubernetes/opentelemetry-demo/src/usermanagementservice/genproto/oteldemo/demo.pb.go:617.2,617.24 1 0
github.com/MichaelRobotics/Kubernetes/opentelemetry-demo/src/usermanagementservice/genproto/oteldemo/demo.pb.go:621.60,623.2 1 0
github.com/MichaelRobotics/Kubernetes/opentelemetry-demo/src/usermanagementservice/genproto/oteldemo/demo.pb.go:625.51,626.14 1 0
github.com/MichaelRobotics/Kubernetes/opentelemetry-demo/src/usermanagementservice/genproto/oteldemo/demo.pb.go:626.14,628.3 1 0
github.com/MichaelRobotics/Kubernetes/opentelemetry-demo/src/usermanagementservice/genproto/oteldemo/demo.pb.go:629.2,629.11 1 0
github.com/MichaelRobotics/Kubernetes/opentelemetry-demo/src/usermanagementservice/genproto/oteldemo/demo.pb.go:639.42,644.2 4 0
github.com/MichaelRobotics/Kubernetes/opentelemetry-demo/src/usermanagementservice/genproto/oteldemo/demo.pb.go:646.50,648.2 1 0
github.com/MichaelRobotics/Kubernetes/opentelemetry-demo/src/usermanagementservice/genproto/oteldemo/demo.pb.go:650.48,650.49 0 0
github.com/MichaelRobotics/Kubernetes/opentelemetry-demo/src/usermanagementservice/genproto/oteldemo/demo.pb.go:652.70,654.14 2 0
github.com/MichaelRobotics/Kubernetes/opentelemetry-demo/src/usermanagementservice/genproto/oteldemo/demo.pb.go:654.14,656.34 2 0
github.com/MichaelRobotics/Kubernetes/opentelemetry-demo/src/usermanagementservice/genproto/oteldemo/demo.pb.go:656.34,658.4 1 0
github.com/MichaelRobotics/Kubernetes/opentelemetry-demo/src/usermanagementservice/genproto/oteldemo/demo.pb.go:659.3,659.12 1 0
github.com/MichaelRobotics/Kubernetes/opentelemetry-demo/src/usermanagementservice/genproto/oteldemo/demo.pb.go:661.2,661.24 1 0
github.com/MichaelRobotics/Kubernetes/opentelemetry-demo/src/usermanagementservice/genproto/oteldemo/demo.pb.go:665.61,667.2 1 0
github.com/MichaelRobotics/Kubernetes/opentelemetry-demo/src/usermanagementservice/genproto/oteldemo/demo.pb.go:669.58,670.14 1 0
github.com/MichaelRobotics/Kubernetes/opentelemetry-demo/src/usermanagementservice/genproto/oteldemo/demo.pb.go:670.14,672.3 1 0
github.com/MichaelRobotics/Kubernetes/opentelemetry-demo/src/usermanagementservice/genproto/oteldemo/demo.pb.go:673.2,673.12 1 0
github.com/MichaelRobotics/Kubernetes/opentelemetry-demo/src/usermanagementservice/genproto/oteldemo/demo.pb.go:684.35,689.2 4 0
github.com/MichaelRobotics/Kubernetes/opentelemetry-demo/src/usermanagementservice/genproto/oteldemo/demo.pb.go:691.43,693.2 1 0
github.com/MichaelRobotics/Kubernetes/opentelemetry-demo/src/usermanagementservice/genproto/oteldemo/demo.pb.go:695.41,695.42 0 0
github.com/MichaelRobotics/Kubernetes/opentelemetry-demo/src/usermanagementservice/genproto/oteldemo/demo.pb.go:697.63,699.14 2 0
github.com/MichaelRobotics/Kubernetes/opentelemetry-demo/src/usermanagementservice/genproto/oteldemo/demo.pb.go:699.14,701.34 2 0
github.com/MichaelRobotics/Kubernetes/opentelemetry-demo/src/usermanagementservice/genproto/oteldemo/demo.pb.go:701.34,703.4 1 0
github.com/MichaelRobotics/Kubernetes/opentelemetry-demo/src/usermanagementservice/genproto/oteldemo/demo.pb.go:704.3,704.12 1 0
github.com/MichaelRobotics/Kubernetes/opentelemetry-demo/src/usermanagementservice/genproto/oteldemo/demo.pb.go:706.2,706.24 1 0
github.com/MichaelRobotics/Kubernetes/opentelemetry-demo/src/usermanagementservice/genproto/oteldemo/demo.pb.go:710.54,712.2 1 0
github.com/MichaelRobotics/Kubernetes/opentelemetry-demo/src/usermanagementservice/genproto/oteldemo/demo.pb.go:714.49,715.14 1 0
github.com/MichaelRobotics/Kubernetes/opentelemetry-demo/src/usermanagementservice/genproto/oteldemo/demo.pb.go:715.14,717.3 1 0
github.com/MichaelRobotics/Kubernetes/opentelemetry-demo/src/usermanagementservice/genproto/oteldemo/demo.pb.go:718.2,718.12 1 0
github.com/MichaelRobotics/Kubernetes/opentelemetry-demo/src/usermanagementservice/genproto/oteldemo/demo.pb.go:721.50,722.14 1 0
github.com/MichaelRobotics/Kubernetes/opentelemetry-demo/src/usermanagementservice/genproto/oteldemo/demo.pb.go:722.14,724.3 1 0
github.com/MichaelRobotics/Kubernetes/opentelemetry-demo/src/usermanagementservice/genproto/oteldemo/demo.pb.go:725.2,725.12 1 0
github.com/MichaelRobotics/Kubernetes/opentelemetry-demo/src/usermanagementservice/genproto/oteldemo/demo.pb.go:735.36,740.2 4 0
github.com/MichaelRobotics/Kubernetes/opentelemetry-demo/src/usermanagementservice/genproto/oteldemo/demo.pb.go:742.44,744.2 1 0
github.com/MichaelRobotics/Kubernetes/opentelemetry-demo/src/usermanagementservice/genproto/oteldemo/demo.pb.go:746.42,746.43 0 0
github.com/MichaelRobotics/Kubernetes/opentelemetry-demo/src/usermanagementservice/genproto/oteldemo/demo.pb.go:748.64,750.14 2 0
github.com/MichaelRobotics/Kubernetes/opentelemetry-demo/src/usermanagementservice/genproto/oteldemo/demo.pb.go:750.14,752.34 2 0
github.com/MichaelRobotics/Kubernetes/opentelemetry-demo/src/usermanagementservice/genproto/oteldemo/demo.pb.go:752.34,754.4 1 0
github.com/MichaelRobotics/Kubernetes/opentelemetry-demo/src/usermanagementservice/genproto/oteldemo/demo.pb.go:755.3,755.12 1 0
github.com/MichaelRobotics/Kubernetes/opentelemetry-demo/src/usermanagementservice/genproto/oteldemo/demo.pb.go:757.2,757.24 1 0
github.com/MichaelRobotics/Kubernetes/opentelemetry-demo/src/usermanagementservice/genproto/oteldemo/demo.pb.go:761.55,763.2 1 0
github.com/MichaelRobotics/Kubernetes/opentelemetry-demo/src/usermanagementservice/genproto/oteldemo/demo.pb.go:765.48,766.14 1 0
github.com/MichaelRobotics/Kubernetes/opentelemetry-demo/src/usermanagementservice/genproto/oteldemo/demo.pb.go:766.14,768.3 1 0
github.com/MichaelRobotics/Kubernetes/opentelemetry-demo/src/usermanagementservice/genproto/oteldemo/demo.pb.go:769.2,769.12 1 0
github.com/MichaelRobotics/Kubernetes/opentelemetry-demo/src/usermanagementservice/genproto/oteldemo/demo.pb.go:780.36,785.2 4 0
github.com/MichaelRobotics/Kubernetes/opentelemetry-demo/src/usermanagementservice/genproto/oteldemo/demo.pb.go:787.44,789.2 1 0
github.com/MichaelRobotics/Kubernetes/opentelemetry-demo/src/usermanagementservice/genproto/oteldemo/demo.pb.go:791.42,791.43 0 0
github.com/MichaelRobotics/Kubernetes/opentelemetry-demo/src/usermanagementservice/genproto/oteldemo/demo.pb.go:793.64,795.14 2 0
github.com/MichaelRobotics/Kubernetes/opentelemetry-demo/src/usermanagementservice/genproto/oteldemo/demo.pb.go:795.14,797.34 2 0
github.com/MichaelRobotics/Kubernetes/opentelemetry-demo/src/usermanagementservice/genproto/oteldemo/demo.pb.go:797.34,799.4 1 0
github.com/MichaelRobotics/Kubernetes/opentelemetry-demo/src/usermanagementservice/genproto/oteldemo/demo.pb.go:800.3,800.12 1 0
github.com/MichaelRobotics/Kubernetes/opentelemetry-demo/src/usermanagementservice/genproto/oteldemo/demo.pb.go:802.2,802.24 1 0
github.com/MichaelRobotics/Kubernetes/opentelemetry-demo/src/usermanagementservice/genproto/oteldemo/demo.pb.go:806.55,808.2 1 0
github.com/MichaelRobotics/Kubernetes/opentelemetry-demo/src/usermanagementservice/genproto/oteldemo/demo.pb.go:810.50,811.14 1 0
github.com/MichaelRobotics/Kubernetes/opentelemetry-demo/src/usermanagementservice/genproto/oteldemo/demo.pb.go:811.14,813.3 1 0
github.com/MichaelRobotics/Kubernetes/opentelemetry-demo/src/usermanagementservice/genproto/oteldemo/demo.pb.go:814.2,814.12 1 0
github.com/MichaelRobotics/Kubernetes/opentelemetry-demo/src/usermanagementservice/genproto/oteldemo/demo.pb.go:817.51,818.14 1 0
github.com/MichaelRobotics/Kubernetes/opentelemetry-demo/src/usermanagementservice/genproto/oteldemo/demo.pb.go:818.14,820.3 1 0
github.com/MichaelRobotics/Kubernetes/opentelemetry-demo/src/usermanagementservice/genproto/oteldemo/demo.pb.go:821.2,821.12 1 0
github.com/MichaelRobotics/Kubernetes/opentelemetry-demo/src/usermanagementservice/genproto/oteldemo/demo.pb.go:831.37,836.2 4 0
github.com/MichaelRobotics/Kubernetes/opentelemetry-demo/src/usermanagementservice/genproto/oteldemo/demo.pb.go:838.45,840.2 1 0
github.com/MichaelRobotics/Kubernetes/opentelemetry-demo/src/usermanagementservice/genproto/oteldemo/demo.pb.go:842.43,842.44 0 0
github.com/MichaelRobotics/Kubernetes/opentelemetry-demo/src/usermanagementservice/genproto/oteldemo/demo.pb.go:844.65,846.14 2 0
github.com/MichaelRobotics/Kubernetes/opentelemetry-demo/src/usermanagementservice/genproto/oteldemo/demo.pb.go:846.14,848.34 2 0
github.com/MichaelRobotics/Kubernetes/opentelemetry-demo/src/usermanagementservice/genproto/oteldemo/demo.pb.go:848.34,850.4 1 0
github.com/MichaelRobotics/Kubernetes/opentelemetry-demo/src/usermanagementservice/genproto/oteldemo/demo.pb.go:851.3,851.12 1 0
github.com/MichaelRobotics/Kubernetes/opentelemetry-demo/src/usermanagementservice/genproto/oteldemo/demo.pb.go:853.2,853.24 1 0
github.com/MichaelRobotics/Kubernetes/opentelemetry-demo/src/usermanagementservice/genproto/oteldemo/demo.pb.go:857.56,859.2 1 0
github.com/MichaelRobotics/Kubernetes/opentelemetry-demo/src/usermanagementservice/genproto/oteldemo/demo.pb.go:861.52,862.14 1 0
github.com/MichaelRobotics/Kubernetes/opentelemetry-demo/src/usermanagementservice/genproto/oteldemo/demo.pb.go:862.14,864.3 1 0
github.com/MichaelRobotics/Kubernetes/opentelemetry-demo/src/usermanagementservice/genproto/oteldemo/demo.pb.go:865.2,865.11 1 0
github.com/MichaelRobotics/Kubernetes/opentelemetry-demo/src/usermanagementservice/genproto/oteldemo/demo.pb.go:879.27,884.2 4 0
github.com/MichaelRobotics/Kubernetes/opentelemetry-demo/src/usermanagementservice/genproto/oteldemo/demo.pb.go:886.35,888.2 1 0
github.com/MichaelRobotics/Kubernetes/opentelemetry-demo/src/usermanagementservice/genproto/oteldemo/demo.pb.go:890.33,890.34 0 0
github.com/MichaelRobotics/Kubernetes/opentelemetry-demo/src/usermanagementservice/genproto/oteldemo/demo.pb.go:892.55,894.14 2 0
github.com/MichaelRobotics/Kubernetes/opentelemetry-demo/src/usermanagementservice/genproto/oteldemo/demo.pb.go:894.14,896.34 2 0
github.com/MichaelRobotics/Kubernetes/opentelemetry-demo/src/usermanagementservice/genproto/oteldemo/demo.pb.go:896.34,898.4 1 0
github.com/MichaelRobotics/Kubernetes/opentelemetry-demo/src/usermanagementservice/genproto/oteldemo/demo.pb.go:899.3,899.12 1 0
github.com/MichaelRobotics/Kubernetes/opentelemetry-demo/src/usermanagementservice/genproto/oteldemo/demo.pb.go:901.2,901.24 1 0
github.com/MichaelRobotics/Kubernetes/opentelemetry-demo/src/usermanagementservice/genproto/oteldemo/demo.pb.go:905.46,907.2 1 0
github.com/MichaelRobotics/Kubernetes/opentelemetry-demo/src/usermanagementservice/genproto/oteldemo/demo.pb.go:909.45,910.14 1 0
github.com/MichaelRobotics/Kubernetes/opentelemetry-demo/src/usermanagementservice/genproto/oteldemo/demo.pb.go:910.14,912.3 1 0
github.com/MichaelRobotics/Kubernetes/opentelemetry-demo/src/usermanagementservice/genproto/oteldemo/demo.pb.go:913.2,913.11 1 0
github.com/MichaelRobotics/Kubernetes/opentelemetry-demo/src/usermanagementservice/genproto/oteldemo/demo.pb.go:916.36,917.14 1 0
github.com/MichaelRobotics/Kubernetes/opentelemetry-demo/src/usermanagementservice/genproto/oteldemo/demo.pb.go:917.14,919.3 1 0
github.com/MichaelRobotics/Kubernetes/opentelemetry-demo/src/usermanagementservice/genproto/oteldemo/demo.pb.go:920.2,920.11 1 0
github.com/MichaelRobotics/Kubernetes/opentelemetry-demo/src/usermanagementservice/genproto/oteldemo/demo.pb.go:923.37,924.14 1 0
github.com/MichaelRobotics/Kubernetes/opentelemetry-demo/src/usermanagementservice/genproto/oteldemo/demo.pb.go:924.14,926.3 1 0
github.com/MichaelRobotics/Kubernetes/opentelemetry-demo/src/usermanagementservice/genproto/oteldemo/demo.pb.go:927.2,927.11 1 0
github.com/MichaelRobotics/Kubernetes/opentelemetry-demo/src/usermanagementservice/genproto/oteldemo/demo.pb.go:930.39,931.14 1 0
github.com/MichaelRobotics/Kubernetes/opentelemetry-demo/src/usermanagementservice/genproto/oteldemo/demo.pb.go:931.14,933.3 1 0
github.com/MichaelRobotics/Kubernetes/opentelemetry-demo/src/usermanagementservice/genproto/oteldemo/demo.pb.go:934.2,934.11 1 0
github.com/MichaelRobotics/Kubernetes/opentelemetry-demo/src/usermanagementservice/genproto/oteldemo/demo.pb.go:937.39,938.14 1 0
github.com/MichaelRobotics/Kubernetes/opentelemetry-demo/src/usermanagementservice/genproto/oteldemo/demo.pb.go:938.14,940.3 1 0
github.com/MichaelRobotics/Kubernetes/opentelemetry-demo/src/usermanagementservice/genproto/oteldemo/demo.pb.go:941.2,941.11 1 0
github.com/MichaelRobotics/Kubernetes/opentelemetry-demo/src/usermanagementservice/genproto/oteldemo/demo.pb.go:963.25,968.2 4 0
github.com/MichaelRobotics/Kubernetes/opentelemetry-demo/src/usermanagementservice/genproto/oteldemo/demo.pb.go:970.33,972.2 1 0
github.com/MichaelRobotics/Kubernetes/opentelemetry-demo/src/usermanagementservice/genproto/oteldemo/demo.pb.go:974.31,974.32 0 0
github.com/MichaelRobotics/Kubernetes/opentelemetry-demo/src/usermanagementservice/genproto/oteldemo/demo.pb.go:976.53,978.14 2 0
github.com/MichaelRobotics/Kubernetes/opentelemetry-demo/src/usermanagementservice/genproto/oteldemo/demo.pb.go:978.14,980.34 2 0
github.com/MichaelRobotics/Kubernetes/opentelemetry-demo/src/usermanagementservice/genproto/oteldemo/demo.pb.go:980.34,982.4 1 0
github.com/MichaelRobotics/Kubernetes/opentelemetry-demo/src/usermanagementservice/genproto/oteldemo/demo.pb.go:983.3,983.12 1 0
github.com/MichaelRobotics/Kubernetes/opentelemetry-demo/src/usermanagementservice/genproto/oteldemo/demo.pb.go:985.2,985.24 1 0
github.com/MichaelRobotics/Kubernetes/opentelemetry-demo/src/usermanagementservice/genproto/oteldemo/demo.pb.go:989.44,991.2 1 0
github.com/MichaelRobotics/Kubernetes/opentelemetry-demo/src/usermanagementservice/genproto/oteldemo/demo.pb.go:993.42,994.14 1 0
github.com/MichaelRobotics/Kubernetes/opentelemetry-demo/src/usermanagementservice/genproto/oteldemo/demo.pb.go:994.14,996.3 1 0
github.com/MichaelRobotics/Kubernetes/opentelemetry-demo/src/usermanagementservice/genproto/oteldemo/demo.pb.go:997.2,997.11 1 0
github.com/MichaelRobotics/Kubernetes/opentelemetry-demo/src/usermanagementservice/genproto/oteldemo/demo.pb.go:1000.34,1001.14 1 0
github.com/MichaelRobotics/Kubernetes/opentelemetry-demo/src/usermanagementservice/genproto/oteldemo/demo.pb.go:1001.14,1003.3 1 0
github.com/MichaelRobotics/Kubernetes/opentelemetry-demo/src/usermanagementservice/genproto/oteldemo/demo.pb.go:1004.2,1004.10 1 0
github.com/MichaelRobotics/Kubernetes/opentelemetry-demo/src/usermanagementservice/genproto/oteldemo/demo.pb.go:1007.34,1008.14 1 0
github.com/MichaelRobotics/Kubernetes/opentelemetry-demo/src/usermanagementservice/genproto/oteldemo/demo.pb.go:1008.14,1010.3 1 0
github.com/MichaelRobotics/Kubernetes/opentelemetry-demo/src/usermanagementservice/genproto/oteldemo/demo.pb.go:1011.2,1011.10 1 0
github.com/MichaelRobotics/Kubernetes/opentelemetry-demo/src/usermanagementservice/genproto/oteldemo/demo.pb.go:1022.50,1027.2 4 0
github.com/MichaelRobotics/Kubernetes/opentelemetry-demo/src/usermanagementservice/genproto/oteldemo/demo.pb.go:1029.58,1031.2 1 0
github.com/MichaelRobotics/Kubernetes/opentelemetry-demo/src/usermanagementservice/genproto/oteldemo/demo.pb.go:1033.56,1033.57 0 0
github.com/MichaelRobotics/Kubernetes/opentelemetry-demo/src/usermanagementservice/genproto/oteldemo/demo.pb.go:1035.78,1037.14 2 0
github.com/MichaelRobotics/Kubernetes/opentelemetry-demo/src/usermanagementservice/genproto/oteldemo/demo.pb.go:1037.14,1039.34 2 0
github.com/MichaelRobotics/Kubernetes/opentelemetry-demo/src/usermanagementservice/genproto/oteldemo/demo.pb.go:1039.34,1041.4 1 0
github.com/MichaelRobotics/Kubernetes/opentelemetry-demo/src/usermanagementservice/genproto/oteldemo/demo.pb.go:1042.3,1042.12 1 0
github.com/MichaelRobotics/Kubernetes/opentelemetry-demo/src/usermanagementservice/genproto/oteldemo/demo.pb.go:1044.2,1044.24 1 0
github.com/MichaelRobotics/Kubernetes/opentelemetry-demo/src/usermanagementservice/genproto/oteldemo/demo.pb.go:1048.69,1050.2 1 0
github.com/MichaelRobotics/Kubernetes/opentelemetry-demo/src/usermanagementservice/genproto/oteldemo/demo.pb.go:1052.70,1053.14 1 0
github.com/MichaelRobotics/Kubernetes/opentelemetry-demo/src/usermanagementservice/genproto/oteldemo/demo.pb.go:1053.14,1055.3 1 0
github.com/MichaelRobotics/Kubernetes/opentelemetry-demo/src/usermanagementservice/genproto/oteldemo/demo.pb.go:1056.2,1056.12 1 0
github.com/MichaelRobotics/Kubernetes/opentelemetry-demo/src/usermanagementservice/genproto/oteldemo/demo.pb.go:1068.45,1073.2 4 0
github.com/MichaelRobotics/Kubernetes/opentelemetry-demo/src/usermanagementservice/genproto/oteldemo/demo.pb.go:1075.53,1077.2 1 0
github.com/MichaelRobotics/Kubernetes/opentelemetry-demo/src/usermanagementservice/genproto/oteldemo/demo.pb.go:1079.51,1079.52 0 0
github.com/MichaelRobotics/Kubernetes/opentelemetry-demo/src/usermanagementservice/genproto/oteldemo/demo.pb.go:1081.73,1083.14 2 0
github.com/MichaelRobotics/Kubernetes/opentelemetry-demo/src/usermanagementservice/genproto/oteldemo/demo.pb.go:1083.14,1085.34 2 0
github.com/MichaelRobotics/Kubernetes/opentelemetry-demo/src/usermanagementservice/genproto/oteldemo/demo.pb.go:1085.34,1087.4 1 0
github.com/MichaelRobotics/Kubernetes/opentelemetry-demo/src/usermanagementservice/genproto/oteldemo/demo.pb.go:1088.3,1088.12 1 0
github.com/MichaelRobotics/Kubernetes/opentelemetry-demo/src/usermanagementservice/genproto/oteldemo/demo.pb.go:1090.2,1090.24 1 0
github.com/MichaelRobotics/Kubernetes/opentelemetry-demo/src/usermanagementservice/genproto/oteldemo/demo.pb.go:1094.64,1096.2 1 0
github.com/MichaelRobotics/Kubernetes/opentelemetry-demo/src/usermanagementservice/genproto/oteldemo/demo.pb.go:1098.54,1099.14 1 0
github.com/MichaelRobotics/Kubernetes/opentelemetry-demo/src/usermanagementservice/genproto/oteldemo/demo.pb.go:1099.14,1101.3 1 0
github.com/MichaelRobotics/Kubernetes/opentelemetry-demo/src/usermanagementservice/genproto/oteldemo/demo.pb.go:1102.2,1102.12 1 0
github.com/MichaelRobotics/Kubernetes/opentelemetry-demo/src/usermanagementservice/genproto/oteldemo/demo.pb.go:1105.56,1106.14 1 0
github.com/MichaelRobotics/Kubernetes/opentelemetry-demo/src/usermanagementservice/genproto/oteldemo/demo.pb.go:1106.14,1108.3 1 0
github.com/MichaelRobotics/Kubernetes/opentelemetry-demo/src/usermanagementservice/genproto/oteldemo/demo.pb.go:1109.2,1109.11 1 0
github.com/MichaelRobotics/Kubernetes/opentelemetry-demo/src/usermanagementservice/genproto/oteldemo/demo.pb.go:1122.34,1127.2 4 0
github.com/MichaelRobotics/Kubernetes/opentelemetry-demo/src/usermanagementservice/genproto/oteldemo/demo.pb.go:1129.42,1131.2 1 0
github.com/MichaelRobotics/Kubernetes/opentelemetry-demo/src/usermanagementservice/genproto/oteldemo/demo.pb.go:1133.40,1133.41 0 0
github.com/MichaelRobotics/Kubernetes/opentelemetry-demo/src/usermanagementservice/genproto/oteldemo/demo.pb.go:1135.62,1137.14 2 0
github.com/MichaelRobotics/Kubernetes/opentelemetry-demo/src/usermanagementservice/genproto/oteldemo/demo.pb.go:1137.14,1139.34 2 0
github.com/MichaelRobotics/Kubernetes/opentelemetry-demo/src/usermanagementservice/genproto/oteldemo/demo.pb.go:1139.34,1141.4 1 0
github.com/MichaelRobotics/Kubernetes/opentelemetry-demo/src/usermanagementservice/genproto/oteldemo/demo.pb.go:1142.3,1142.12 1 0
github.com/MichaelRobotics/Kubernetes/opentelemetry-demo/src/usermanagementservice/genproto/oteldemo/demo.pb.go:1144.2,1144.24 1 0
github.com/MichaelRobotics/Kubernetes/opentelemetry-demo/src/usermanagementservice/genproto/oteldemo/demo.pb.go:1148.53,1150.2 1 0
github.com/MichaelRobotics/Kubernetes/opentelemetry-demo/src/usermanagementservice/genproto/oteldemo/demo.pb.go:1152.55,1153.14 1 0
github.com/MichaelRobotics/Kubernetes/opentelemetry-demo/src/usermanagementservice/genproto/oteldemo/demo.pb.go:1153.14,1155.3 1 0
github.com/MichaelRobotics/Kubernetes/opentelemetry-demo/src/usermanagementservice/genproto/oteldemo/demo.pb.go:1156.2,1156.11 1 0
github.com/MichaelRobotics/Kubernetes/opentelemetry-demo/src/usermanagementservice/genproto/oteldemo/demo.pb.go:1159.51,1160.14 1 0
github.com/MichaelRobotics/Kubernetes/opentelemetry-demo/src/usermanagementservice/genproto/oteldemo/demo.pb.go:1160.14,1162.3 1 0
github.com/MichaelRobotics/Kubernetes/opentelemetry-demo/src/usermanagementservice/genproto/oteldemo/demo.pb.go:1163.2,1163.10 1 0
github.com/MichaelRobotics/Kubernetes/opentelemetry-demo/src/usermanagementservice/genproto/oteldemo/demo.pb.go:1166.62,1167.14 1 0
github.com/MichaelRobotics/Kubernetes/opentelemetry-demo/src/usermanagementservice/genproto/oteldemo/demo.pb.go:1167.14,1169.3 1 0
github.com/MichaelRobotics/Kubernetes/opentelemetry-demo/src/usermanagementservice/genproto/oteldemo/demo.pb.go:1170.2,1170.10 1 0
github.com/MichaelRobotics/Kubernetes/opentelemetry-demo/src/usermanagementservice/genproto/oteldemo/demo.pb.go:1173.63,1174.14 1 0
github.com/MichaelRobotics/Kubernetes/opentelemetry-demo/src/usermanagementservice/genproto/oteldemo/demo.pb.go:1174.14,1176.3 1 0
github.com/MichaelRobotics/Kubernetes/opentelemetry-demo/src/usermanagementservice/genproto/oteldemo/demo.pb.go:1177.2,1177.10 1 0
github.com/MichaelRobotics/Kubernetes/opentelemetry-demo/src/usermanagementservice/genproto/oteldemo/demo.pb.go:1188.33,1193.2 4 0
github.com/MichaelRobotics/Kubernetes/opentelemetry-demo/src/usermanagementservice/genproto/oteldemo/demo.pb.go:1195.41,1197.2 1 0
github.com/MichaelRobotics/Kubernetes/opentelemetry-demo/src/usermanagementservice/genproto/oteldemo/demo.pb.go:1199.39,1199.40 0 0
github.com/MichaelRobotics/Kubernetes/opentelemetry-demo/src/usermanagementservice/genproto/oteldemo/demo.pb.go:1201.61,1203.14 2 0
github.com/MichaelRobotics/Kubernetes/opentelemetry-demo/src/usermanagementservice/genproto/oteldemo/demo.pb.go:1203.14,1205.34 2 0
github.com/MichaelRobotics/Kubernetes/opentelemetry-demo/src/usermanagementservice/genproto/oteldemo/demo.pb.go:1205.34,1207.4 1 0
github.com/MichaelRobotics/Kubernetes/opentelemetry-demo/src/usermanagementservice/genproto/oteldemo/demo.pb.go:1208.3,1208.12 1 0
github.com/MichaelRobotics/Kubernetes/opentelemetry-demo/src/usermanagementservice/genproto/oteldemo/demo.pb.go:1210.2,1210.24 1 0
github.com/MichaelRobotics/Kubernetes/opentelemetry-demo/src/usermanagementservice/genproto/oteldemo/demo.pb.go:1214.52,1216.2 1 0
github.com/MichaelRobotics/Kubernetes/opentelemetry-demo/src/usermanagementservice/genproto/oteldemo/demo.pb.go:1218.44,1219.14 1 0
github.com/MichaelRobotics/Kubernetes/opentelemetry-demo/src/usermanagementservice/genproto/oteldemo/demo.pb.go:1219.14,1221.3 1 0
github.com/MichaelRobotics/Kubernetes/opentelemetry-demo/src/usermanagementservice/genproto/oteldemo/demo.pb.go:1222.2,1222.12 1 0
github.com/MichaelRobotics/Kubernetes/opentelemetry-demo/src/usermanagementservice/genproto/oteldemo/demo.pb.go:1225.57,1226.14 1 0
github.com/MichaelRobotics/Kubernetes/opentelemetry-demo/src/usermanagementservice/genproto/oteldemo/demo.pb.go:1226.14,1228.3 1 0
github.com/MichaelRobotics/Kubernetes/opentelemetry-demo/src/usermanagementservice/genproto/oteldemo/demo.pb.go:1229.2,1229.12 1 0
github.com/MichaelRobotics/Kubernetes/opentelemetry-demo/src/usermanagementservice/genproto/oteldemo/demo.pb.go:1239.34,1244.2 4 0
github.com/MichaelRobotics/Kubernetes/opentelemetry-demo/src/usermanagementservice/genproto/oteldemo/demo.pb.go:1246.42,1248.2 1 0
github.com/MichaelRobotics/Kubernetes/opentelemetry-demo/src/usermanagementservice/genproto/oteldemo/demo.pb.go:1250.40,1250.41 0 0
github.com/MichaelRobotics/Kubernetes/opentelemetry-demo/src/usermanagementservice/genproto/oteldemo/demo.pb.go:1252.62,1254.14 2 0
github.com/MichaelRobotics/Kubernetes/opentelemetry-demo/src/usermanagementservice/genproto/oteldemo/demo.pb.go:1254.14,1256.34 2 0
github.com/MichaelRobotics/Kubernetes/opentelemetry-demo/src/usermanagementservice/genproto/oteldemo/demo.pb.go:1256.34,1258.4 1 0
github.com/MichaelRobotics/Kubernetes/opentelemetry-demo/src/usermanagementservice/genproto/oteldemo/demo.pb.go:1259.3,1259.12 1 0
github.com/MichaelRobotics/Kubernetes/opentelemetry-demo/src/usermanagementservice/genproto/oteldemo/demo.pb.go:1261.2,1261.24 1 0
github.com/MichaelRobotics/Kubernetes/opentelemetry-demo/src/usermanagementservice/genproto/oteldemo/demo.pb.go:1265.53,1267.2 1 0
github.com/MichaelRobotics/Kubernetes/opentelemetry-demo/src/usermanagementservice/genproto/oteldemo/demo.pb.go:1269.52,1270.14 1 0
github.com/MichaelRobotics/Kubernetes/opentelemetry-demo/src/usermanagementservice/genproto/oteldemo/demo.pb.go:1270.14,1272.3 1 0
github.com/MichaelRobotics/Kubernetes/opentelemetry-demo/src/usermanagementservice/genproto/oteldemo/demo.pb.go:1273.2,1273.11 1 0
github.com/MichaelRobotics/Kubernetes/opentelemetry-demo/src/usermanagementservice/genproto/oteldemo/demo.pb.go:1284.29,1289.2 4 0
github.com/MichaelRobotics/Kubernetes/opentelemetry-demo/src/usermanagementservice/genproto/oteldemo/demo.pb.go:1291.37,1293.2 1 0
github.com/MichaelRobotics/Kubernetes/opentelemetry-demo/src/usermanagementservice/genproto/oteldemo/demo.pb.go:1295.35,1295.36 0 0
github.com/MichaelRobotics/Kubernetes/opentelemetry-demo/src/usermanagementservice/genproto/oteldemo/demo.pb.go:1297.57,1299.14 2 0
github.com/MichaelRobotics/Kubernetes/opentelemetry-demo/src/usermanagementservice/genproto/oteldemo/demo.pb.go:1299.14,1301.34 2 0
github.com/MichaelRobotics/Kubernetes/opentelemetry-demo/src/usermanagementservice/genproto/oteldemo/demo.pb.go:1301.34,1303.4 1 0
github.com/MichaelRobotics/Kubernetes/opentelemetry-demo/src/usermanagementservice/genproto/oteldemo/demo.pb.go:1304.3,1304.12 1 0
github.com/MichaelRobotics/Kubernetes/opentelemetry-demo/src/usermanagementservice/genproto/oteldemo/demo.pb.go:1306.2,1306.24 1 0
github.com/MichaelRobotics/Kubernetes/opentelemetry-demo/src/usermanagementservice/genproto/oteldemo/demo.pb.go:1310.48,1312.2 1 0
github.com/MichaelRobotics/Kubernetes/opentelemetry-demo/src/usermanagementservice/genproto/oteldemo/demo.pb.go:1314.41,1315.14 1 0
github.com/MichaelRobotics/Kubernetes/opentelemetry-demo/src/usermanagementservice/genproto/oteldemo/demo.pb.go:1315.14,1317.3 1 0
github.com/MichaelRobotics/Kubernetes/opentelemetry-demo/src/usermanagementservice/genproto/oteldemo/demo.pb.go:1318.2,1318.12 1 0
github.com/MichaelRobotics/Kubernetes/opentelemetry-demo/src/usermanagementservice/genproto/oteldemo/demo.pb.go:1321.38,1322.14 1 0
github.com/MichaelRobotics/Kubernetes/opentelemetry-demo/src/usermanagementservice/genproto/oteldemo/demo.pb.go:1322.14,1324.3 1 0
github.com/MichaelRobotics/Kubernetes/opentelemetry-demo/src/usermanagementservice/genproto/oteldemo/demo.pb.go:1325.2,1325.12 1 0
github.com/MichaelRobotics/Kubernetes/opentelemetry-demo/src/usermanagementservice/genproto/oteldemo/demo.pb.go:1339.31,1344.2 4 0
github.com/MichaelRobotics/Kubernetes/opentelemetry-demo/src/usermanagementservice/genproto/oteldemo/demo.pb.go:1346.39,1348.2 1 0
github.com/MichaelRobotics/Kubernetes/opentelemetry-demo/src/usermanagementservice/genproto/oteldemo/demo.pb.go:1350.37,1350.38 0 0
github.com/MichaelRobotics/Kubernetes/opentelemetry-demo/src/usermanagementservice/genproto/oteldemo/demo.pb.go:1352.59,1354.14 2 0
github.com/MichaelRobotics/Kubernetes/opentelemetry-demo/src/usermanagementservice/genproto/oteldemo/demo.pb.go:1354.14,1356.34 2 0
github.com/MichaelRobotics/Kubernetes/opentelemetry-demo/src/usermanagementservice/genproto/oteldemo/demo.pb.go:1356.34,1358.4 1 0
github.com/MichaelRobotics/Kubernetes/opentelemetry-demo/src/usermanagementservice/genproto/oteldemo/demo.pb.go:1359.3,1359.12 1 0
github.com/MichaelRobotics/Kubernetes/opentelemetry-demo/src/usermanagementservice/genproto/oteldemo/demo.pb.go:1361.2,1361.24 1 0
github.com/MichaelRobotics/Kubernetes/opentelemetry-demo/src/usermanagementservice/genproto/oteldemo/demo.pb.go:1365.50,1367.2 1 0
github.com/MichaelRobotics/Kubernetes/opentelemetry-demo/src/usermanagementservice/genproto/oteldemo/demo.pb.go:1369.43,1370.14 1 0
github.com/MichaelRobotics/Kubernetes/opentelemetry-demo/src/usermanagementservice/genproto/oteldemo/demo.pb.go:1370.14,1372.3 1 0
github.com/MichaelRobotics/Kubernetes/opentelemetry-demo/src/usermanagementservice/genproto/oteldemo/demo.pb.go:1373.2,1373.11 1 0
github.com/MichaelRobotics/Kubernetes/opentelemetry-demo/src/usermanagementservice/genproto/oteldemo/demo.pb.go:1376.54,1377.14 1 0
github.com/MichaelRobotics/Kubernetes/opentelemetry-demo/src/usermanagementservice/genproto/oteldemo/demo.pb.go:1377.14,1379.3 1 0
github.com/MichaelRobotics/Kubernetes/opentelemetry-demo/src/usermanagementservice/genproto/oteldemo/demo.pb.go:1380.2,1380.11 1 0
github.com/MichaelRobotics/Kubernetes/opentelemetry-demo/src/usermanagementservice/genproto/oteldemo/demo.pb.go:1383.48,1384.14 1 0
github.com/MichaelRobotics/Kubernetes/opentelemetry-demo/src/usermanagementservice/genproto/oteldemo/demo.pb.go:1384.14,1386.3 1 0
github.com/MichaelRobotics/Kubernetes/opentelemetry-demo/src/usermanagementservice/genproto/oteldemo/demo.pb.go:1387.2,1387.12 1 0
github.com/MichaelRobotics/Kubernetes/opentelemetry-demo/src/usermanagementservice/genproto/oteldemo/demo.pb.go:1390.53,1391.14 1 0
github.com/MichaelRobotics/Kubernetes/opentelemetry-demo/src/usermanagementservice/genproto/oteldemo/demo.pb.go:1391.14,1393.3 1 0
github.com/MichaelRobotics/Kubernetes/opentelemetry-demo/src/usermanagementservice/genproto/oteldemo/demo.pb.go:1394.2,1394.12 1 0
github.com/MichaelRobotics/Kubernetes/opentelemetry-demo/src/usermanagementservice/genproto/oteldemo/demo.pb.go:1397.47,1398.14 1 0
github.com/MichaelRobotics/Kubernetes/opentelemetry-demo/src/usermanagementservice/genproto/oteldemo/demo.pb.go:1398.14,1400.3 1 0
github.com/MichaelRobotics/Kubernetes/opentelemetry-demo/src/usermanagementservice/genproto/oteldemo/demo.pb.go:1401.2,1401.12 1 0
github.com/MichaelRobotics/Kubernetes/opentelemetry-demo/src/usermanagementservice/genproto/oteldemo/demo.pb.go:1412.48,1417.2 4 0
github.com/MichaelRobotics/Kubernetes/opentelemetry-demo/src/usermanagementservice/genproto/oteldemo/demo.pb.go:1419.56,1421.2 1 0
github.com/MichaelRobotics/Kubernetes/opentelemetry-demo/src/usermanagementservice/genproto/oteldemo/demo.pb.go:1423.54,1423.55 0 0
github.com/MichaelRobotics/Kubernetes/opentelemetry-demo/src/usermanagementservice/genproto/oteldemo/demo.pb.go:1425.76,1427.14 2 0
github.com/MichaelRobotics/Kubernetes/opentelemetry-demo/src/usermanagementservice/genproto/oteldemo/demo.pb.go:1427.14,1429.34 2 0
github.com/MichaelRobotics/Kubernetes/opentelemetry-demo/src/usermanagementservice/genproto/oteldemo/demo.pb.go:1429.34,1431.4 1 0
github.com/MichaelRobotics/Kubernetes/opentelemetry-demo/src/usermanagementservice/genproto/oteldemo/demo.pb.go:1432.3,1432.12 1 0
github.com/MichaelRobotics/Kubernetes/opentelemetry-demo/src/usermanagementservice/genproto/oteldemo/demo.pb.go:1434.2,1434.24 1 0
github.com/MichaelRobotics/Kubernetes/opentelemetry-demo/src/usermanagementservice/genproto/oteldemo/demo.pb.go:1438.67,1440.2 1 0
github.com/MichaelRobotics/Kubernetes/opentelemetry-demo/src/usermanagementservice/genproto/oteldemo/demo.pb.go:1442.58,1443.14 1 0
github.com/MichaelRobotics/Kubernetes/opentelemetry-demo/src/usermanagementservice/genproto/oteldemo/demo.pb.go:1443.14,1445.3 1 0
github.com/MichaelRobotics/Kubernetes/opentelemetry-demo/src/usermanagementservice/genproto/oteldemo/demo.pb.go:1446.2,1446.11 1 0
github.com/MichaelRobotics/Kubernetes/opentelemetry-demo/src/usermanagementservice/genproto/oteldemo/demo.pb.go:1449.64,1450.14 1 0
github.com/MichaelRobotics/Kubernetes/opentelemetry-demo/src/usermanagementservice/genproto/oteldemo/demo.pb.go:1450.14,1452.3 1 0
github.com/MichaelRobotics/Kubernetes/opentelemetry-demo/src/usermanagementservice/genproto/oteldemo/demo.pb.go:1453.2,1453.12 1 0
github.com/MichaelRobotics/Kubernetes/opentelemetry-demo/src/usermanagementservice/genproto/oteldemo/demo.pb.go:1467.37,1472.2 4 0
github.com/MichaelRobotics/Kubernetes/opentelemetry-demo/src/usermanagementservice/genproto/oteldemo/demo.pb.go:1474.45,1476.2 1 0
github.com/MichaelRobotics/Kubernetes/opentelemetry-demo/src/usermanagementservice/genproto/oteldemo/demo.pb.go:1478.43,1478.44 0 0
github.com/MichaelRobotics/Kubernetes/opentelemetry-demo/src/usermanagementservice/genproto/oteldemo/demo.pb.go:1480.65,1482.14 2 0
github.com/MichaelRobotics/Kubernetes/opentelemetry-demo/src/usermanagementservice/genproto/oteldemo/demo.pb.go:1482.14,1484.34 2 0
github.com/MichaelRobotics/Kubernetes/opentelemetry-demo/src/usermanagementservice/genproto/oteldemo/demo.pb.go:1484.34,1486.4 1 0
github.com/MichaelRobotics/Kubernetes/opentelemetry-demo/src/usermanagementservice/genproto/oteldemo/demo.pb.go:1487.3,1487.12 1 0
github.com/MichaelRobotics/Kubernetes/opentelemetry-demo/src/usermanagementservice/genproto/oteldemo/demo.pb.go:1489.2,1489.24 1 0
github.com/MichaelRobotics/Kubernetes/opentelemetry-demo/src/usermanagementservice/genproto/oteldemo/demo.pb.go:1493.56,1495.2 1 0
github.com/MichaelRobotics/Kubernetes/opentelemetry-demo/src/usermanagementservice/genproto/oteldemo/demo.pb.go:1497.48,1498.14 1 0
github.com/MichaelRobotics/Kubernetes/opentelemetry-demo/src/usermanagementservice/genproto/oteldemo/demo.pb.go:1498.14,1500.3 1 0
github.com/MichaelRobotics/Kubernetes/opentelemetry-demo/src/usermanagementservice/genproto/oteldemo/demo.pb.go:1501.2,1501.11 1 0
github.com/MichaelRobotics/Kubernetes/opentelemetry-demo/src/usermanagementservice/genproto/oteldemo/demo.pb.go:1504.54,1505.14 1 0
github.com/MichaelRobotics/Kubernetes/opentelemetry-demo/src/usermanagementservice/genproto/oteldemo/demo.pb.go:1505.14,1507.3 1 0
github.com/MichaelRobotics/Kubernetes/opentelemetry-demo/src/usermanagementservice/genproto/oteldemo/demo.pb.go:1508.2,1508.11 1 0
github.com/MichaelRobotics/Kubernetes/opentelemetry-demo/src/usermanagementservice/genproto/oteldemo/demo.pb.go:1511.51,1512.14 1 0
github.com/MichaelRobotics/Kubernetes/opentelemetry-demo/src/usermanagementservice/genproto/oteldemo/demo.pb.go:1512.14,1514.3 1 0
github.com/MichaelRobotics/Kubernetes/opentelemetry-demo/src/usermanagementservice/genproto/oteldemo/demo.pb.go:1515.2,1515.12 1 0
github.com/MichaelRobotics/Kubernetes/opentelemetry-demo/src/usermanagementservice/genproto/oteldemo/demo.pb.go:1518.47,1519.14 1 0
github.com/MichaelRobotics/Kubernetes/opentelemetry-demo/src/usermanagementservice/genproto/oteldemo/demo.pb.go:1519.14,1521.3 1 0
github.com/MichaelRobotics/Kubernetes/opentelemetry-demo/src/usermanagementservice/genproto/oteldemo/demo.pb.go:1522.2,1522.11 1 0
github.com/MichaelRobotics/Kubernetes/opentelemetry-demo/src/usermanagementservice/genproto/oteldemo/demo.pb.go:1525.61,1526.14 1 0
github.com/MichaelRobotics/Kubernetes/opentelemetry-demo/src/usermanagementservice/genproto/oteldemo/demo.pb.go:1526.14,1528.3 1 0
github.com/MichaelRobotics/Kubernetes/opentelemetry-demo/src/usermanagementservice/genproto/oteldemo/demo.pb.go:1529.2,1529.12 1 0
github.com/MichaelRobotics/Kubernetes/opentelemetry-demo/src/usermanagementservice/genproto/oteldemo/demo.pb.go:1539.38,1544.2 4 0
github.com/MichaelRobotics/Kubernetes/opentelemetry-demo/src/usermanagementservice/genproto/oteldemo/demo.pb.go:1546.46,1548.2 1 0
github.com/MichaelRobotics/Kubernetes/opentelemetry-demo/src/usermanagementservice/genproto/oteldemo/demo.pb.go:1550.44,1550.45 0 0
github.com/MichaelRobotics/Kubernetes/opentelemetry-demo/src/usermanagementservice/genproto/oteldemo/demo.pb.go:1552.66,1554.14 2 0
github.com/MichaelRobotics/Kubernetes/opentelemetry-demo/src/usermanagementservice/genproto/oteldemo/demo.pb.go:1554.14,1556.34 2 0
github.com/MichaelRobotics/Kubernetes/opentelemetry-demo/src/usermanagementservice/genproto/oteldemo/demo.pb.go:1556.34,1558.4 1 0
github.com/MichaelRobotics/Kubernetes/opentelemetry-demo/src/usermanagementservice/genproto/oteldemo/demo.pb.go:1559.3,1559.12 1 0
github.com/MichaelRobotics/Kubernetes/opentelemetry-demo/src/usermanagementservice/genproto/oteldemo/demo.pb.go:1561.2,1561.24 1 0
github.com/MichaelRobotics/Kubernetes/opentelemetry-demo/src/usermanagementservice/genproto/oteldemo/demo.pb.go:1565.57,1567.2 1 0
github.com/MichaelRobotics/Kubernetes/opentelemetry-demo/src/usermanagementservice/genproto/oteldemo/demo.pb.go:1569.54,1570.14 1 0
github.com/MichaelRobotics/Kubernetes/opentelemetry-demo/src/usermanagementservice/genproto/oteldemo/demo.pb.go:1570.14,1572.3 1 0
github.com/MichaelRobotics/Kubernetes/opentelemetry-demo/src/usermanagementservice/genproto/oteldemo/demo.pb.go:1573.2,1573.12 1 0
github.com/MichaelRobotics/Kubernetes/opentelemetry-demo/src/usermanagementservice/genproto/oteldemo/demo.pb.go:1584.29,1589.2 4 0
github.com/MichaelRobotics/Kubernetes/opentelemetry-demo/src/usermanagementservice/genproto/oteldemo/demo.pb.go:1591.37,1593.2 1 0
github.com/MichaelRobotics/Kubernetes/opentelemetry-demo/src/usermanagementservice/genproto/oteldemo/demo.pb.go:1595.35,1595.36 0 0
github.com/MichaelRobotics/Kubernetes/opentelemetry-demo/src/usermanagementservice/genproto/oteldemo/demo.pb.go:1597.57,1599.14 2 0
github.com/MichaelRobotics/Kubernetes/opentelemetry-demo/src/usermanagementservice/genproto/oteldemo/demo.pb.go:1599.14,1601.34 2 0
github.com/MichaelRobotics/Kubernetes/opentelemetry-demo/src/usermanagementservice/genproto/oteldemo/demo.pb.go:1601.34,1603.4 1 0
github.com/MichaelRobotics/Kubernetes/opentelemetry-demo/src/usermanagementservice/genproto/oteldemo/demo.pb.go:1604.3,1604.12 1 0
github.com/MichaelRobotics/Kubernetes/opentelemetry-demo/src/usermanagementservice/genproto/oteldemo/demo.pb.go:1606.2,1606.24 1 0
github.com/MichaelRobotics/Kubernetes/opentelemetry-demo/src/usermanagementservice/genproto/oteldemo/demo.pb.go:1610.48,1612.2 1 0
github.com/MichaelRobotics/Kubernetes/opentelemetry-demo/src/usermanagementservice/genproto/oteldemo/demo.pb.go:1614.47,1615.14 1 0
github.com/MichaelRobotics/Kubernetes/opentelemetry-demo/src/usermanagementservice/genproto/oteldemo/demo.pb.go:1615.14,1617.3 1 0
github.com/MichaelRobotics/Kubernetes/opentelemetry-demo/src/usermanagementservice/genproto/oteldemo/demo.pb.go:1618.2,1618.12 1 0
github.com/MichaelRobotics/Kubernetes/opentelemetry-demo/src/usermanagementservice/genproto/oteldemo/demo.pb.go:1628.30,1633.2 4 0
github.com/MichaelRobotics/Kubernetes/opentelemetry-demo/src/usermanagementservice/genproto/oteldemo/demo.pb.go:1635.38,1637.2 1 0
github.com/MichaelRobotics/Kubernetes/opentelemetry-demo/src/usermanagementservice/genproto/oteldemo/demo.pb.go:1639.36,1639.37 0 0
github.com/MichaelRobotics/Kubernetes/opentelemetry-demo/src/usermanagementservice/genproto/oteldemo/demo.pb.go:1641.58,1643.14 2 0
github.com/MichaelRobotics/Kubernetes/opentelemetry-demo/src/usermanagementservice/genproto/oteldemo/demo.pb.go:1643.14,1645.34 2 0
github.com/MichaelRobotics/Kubernetes/opentelemetry-demo/src/usermanagementservice/genproto/oteldemo/demo.pb.go:1645.34,1647.4 1 0
github.com/MichaelRobotics/Kubernetes/opentelemetry-demo/src/usermanagementservice/genproto/oteldemo/demo.pb.go:1648.3,1648.12 1 0
github.com/MichaelRobotics/Kubernetes/opentelemetry-demo/src/usermanagementservice/genproto/oteldemo/demo.pb.go:1650.2,1650.24 1 0
github.com/MichaelRobotics/Kubernetes/opentelemetry-demo/src/usermanagementservice/genproto/oteldemo/demo.pb.go:1654.49,1656.2 1 0
github.com/MichaelRobotics/Kubernetes/opentelemetry-demo/src/usermanagementservice/genproto/oteldemo/demo.pb.go:1658.37,1659.14 1 0
github.com/MichaelRobotics/Kubernetes/opentelemetry-demo/src/usermanagementservice/genproto/oteldemo/demo.pb.go:1659.14,1661.3 1 0
github.com/MichaelRobotics/Kubernetes/opentelemetry-demo/src/usermanagementservice/genproto/oteldemo/demo.pb.go:1662.2,1662.12 1 0
github.com/MichaelRobotics/Kubernetes/opentelemetry-demo/src/usermanagementservice/genproto/oteldemo/demo.pb.go:1675.22,1680.2 4 0
github.com/MichaelRobotics/Kubernetes/opentelemetry-demo/src/usermanagementservice/genproto/oteldemo/demo.pb.go:1682.30,1684.2 1 0
github.com/MichaelRobotics/Kubernetes/opentelemetry-demo/src/usermanagementservice/genproto/oteldemo/demo.pb.go:1686.28,1686.29 0 0
github.com/MichaelRobotics/Kubernetes/opentelemetry-demo/src/usermanagementservice/genproto/oteldemo/demo.pb.go:1688.50,1690.14 2 0
github.com/MichaelRobotics/Kubernetes/opentelemetry-demo/src/usermanagementservice/genproto/oteldemo/demo.pb.go:1690.14,1692.34 2 0
github.com/MichaelRobotics/Kubernetes/opentelemetry-demo/src/usermanagementservice/genproto/oteldemo/demo.pb.go:1692.34,1694.4 1 0
github.com/MichaelRobotics/Kubernetes/opentelemetry-demo/src/usermanagementservice/genproto/oteldemo/demo.pb.go:1695.3,1695.12 1 0
github.com/MichaelRobotics/Kubernetes/opentelemetry-demo/src/usermanagementservice/genproto/oteldemo/demo.pb.go:1697.2,1697.24 1 0
github.com/MichaelRobotics/Kubernetes/opentelemetry-demo/src/usermanagementservice/genproto/oteldemo/demo.pb.go:1701.41,1703.2 1 0
github.com/MichaelRobotics/Kubernetes/opentelemetry-demo/src/usermanagementservice/genproto/oteldemo/demo.pb.go:1705.38,1706.14 1 0
github.com/MichaelRobotics/Kubernetes/opentelemetry-demo/src/usermanagementservice/genproto/oteldemo/demo.pb.go:1706.14,1708.3 1 0
github.com/MichaelRobotics/Kubernetes/opentelemetry-demo/src/usermanagementservice/genproto/oteldemo/demo.pb.go:1709.2,1709.11 1 0
github.com/MichaelRobotics/Kubernetes/opentelemetry-demo/src/usermanagementservice/genproto/oteldemo/demo.pb.go:1712.31,1713.14 1 0
github.com/MichaelRobotics/Kubernetes/opentelemetry-demo/src/usermanagementservice/genproto/oteldemo/demo.pb.go:1713.14,1715.3 1 0
github.com/MichaelRobotics/Kubernetes/opentelemetry-demo/src/usermanagementservice/genproto/oteldemo/demo.pb.go:1716.2,1716.11 1 0
github.com/MichaelRobotics/Kubernetes/opentelemetry-demo/src/usermanagementservice/genproto/oteldemo/demo.pb.go:1728.24,1733.2 4 0
github.com/MichaelRobotics/Kubernetes/opentelemetry-demo/src/usermanagementservice/genproto/oteldemo/demo.pb.go:1735.32,1737.2 1 0
github.com/MichaelRobotics/Kubernetes/opentelemetry-demo/src/usermanagementservice/genproto/oteldemo/demo.pb.go:1739.30,1739.31 0 0
github.com/MichaelRobotics/Kubernetes/opentelemetry-demo/src/usermanagementservice/genproto/oteldemo/demo.pb.go:1741.52,1743.14 2 0
github.com/MichaelRobotics/Kubernetes/opentelemetry-demo/src/usermanagementservice/genproto/oteldemo/demo.pb.go:1743.14,1745.34 2 0
github.com/MichaelRobotics/Kubernetes/opentelemetry-demo/src/usermanagementservice/genproto/oteldemo/demo.pb.go:1745.34,1747.4 1 0
github.com/MichaelRobotics/Kubernetes/opentelemetry-demo/src/usermanagementservice/genproto/oteldemo/demo.pb.go:1748.3,1748.12 1 0
github.com/MichaelRobotics/Kubernetes/opentelemetry-demo/src/usermanagementservice/genproto/oteldemo/demo.pb.go:1750.2,1750.24 1 0
github.com/MichaelRobotics/Kubernetes/opentelemetry-demo/src/usermanagementservice/genproto/oteldemo/demo.pb.go:1754.43,1756.2 1 0
github.com/MichaelRobotics/Kubernetes/opentelemetry-demo/src/usermanagementservice/genproto/oteldemo/demo.pb.go:1758.33,1759.14 1 0
github.com/MichaelRobotics/Kubernetes/opentelemetry-demo/src/usermanagementservice/genproto/oteldemo/demo.pb.go:1759.14,1761.3 1 0
github.com/MichaelRobotics/Kubernetes/opentelemetry-demo/src/usermanagementservice/genproto/oteldemo/demo.pb.go:1762.2,1762.11 1 0
github.com/MichaelRobotics/Kubernetes/opentelemetry-demo/src/usermanagementservice/genproto/oteldemo/demo.pb.go:1765.40,1766.14 1 0
github.com/MichaelRobotics/Kubernetes/opentelemetry-demo/src/usermanagementservice/genproto/oteldemo/demo.pb.go:1766.14,1768.3 1 0
github.com/MichaelRobotics/Kubernetes/opentelemetry-demo/src/usermanagementservice/genproto/oteldemo/demo.pb.go:1769.2,1769.11 1 0
github.com/MichaelRobotics/Kubernetes/opentelemetry-demo/src/usermanagementservice/genproto/oteldemo/demo.pb.go:1772.34,1773.14 1 0
github.com/MichaelRobotics/Kubernetes/opentelemetry-demo/src/usermanagementservice/genproto/oteldemo/demo.pb.go:1773.14,1775.3 1 0
github.com/MichaelRobotics/Kubernetes/opentelemetry-demo/src/usermanagementservice/genproto/oteldemo/demo.pb.go:1776.2,1776.14 1 0
github.com/MichaelRobotics/Kubernetes/opentelemetry-demo/src/usermanagementservice/genproto/oteldemo/demo.pb.go:1786.34,1791.2 4 0
github.com/MichaelRobotics/Kubernetes/opentelemetry-demo/src/usermanagementservice/genproto/oteldemo/demo.pb.go:1793.42,1795.2 1 0
github.com/MichaelRobotics/Kubernetes/opentelemetry-demo/src/usermanagementservice/genproto/oteldemo/demo.pb.go:1797.40,1797.41 0 0
github.com/MichaelRobotics/Kubernetes/opentelemetry-demo/src/usermanagementservice/genproto/oteldemo/demo.pb.go:1799.62,1801.14 2 0
github.com/MichaelRobotics/Kubernetes/opentelemetry-demo/src/usermanagementservice/genproto/oteldemo/demo.pb.go:1801.14,1803.34 2 0
github.com/MichaelRobotics/Kubernetes/opentelemetry-demo/src/usermanagementservice/genproto/oteldemo/demo.pb.go:1803.34,1805.4 1 0
github.com/MichaelRobotics/Kubernetes/opentelemetry-demo/src/usermanagementservice/genproto/oteldemo/demo.pb.go:1806.3,1806.12 1 0
github.com/MichaelRobotics/Kubernetes/opentelemetry-demo/src/usermanagementservice/genproto/oteldemo/demo.pb.go:1808.2,1808.24 1 0
github.com/MichaelRobotics/Kubernetes/opentelemetry-demo/src/usermanagementservice/genproto/oteldemo/demo.pb.go:1812.53,1814.2 1 0
github.com/MichaelRobotics/Kubernetes/opentelemetry-demo/src/usermanagementservice/genproto/oteldemo/demo.pb.go:1816.43,1817.14 1 0
github.com/MichaelRobotics/Kubernetes/opentelemetry-demo/src/usermanagementservice/genproto/oteldemo/demo.pb.go:1817.14,1819.3 1 0
github.com/MichaelRobotics/Kubernetes/opentelemetry-demo/src/usermanagementservice/genproto/oteldemo/demo.pb.go:1820.2,1820.11 1 0
github.com/MichaelRobotics/Kubernetes/opentelemetry-demo/src/usermanagementservice/genproto/oteldemo/demo.pb.go:1830.35,1835.2 4 0
github.com/MichaelRobotics/Kubernetes/opentelemetry-demo/src/usermanagementservice/genproto/oteldemo/demo.pb.go:1837.43,1839.2 1 0
github.com/MichaelRobotics/Kubernetes/opentelemetry-demo/src/usermanagementservice/genproto/oteldemo/demo.pb.go:1841.41,1841.42 0 0
github.com/MichaelRobotics/Kubernetes/opentelemetry-demo/src/usermanagementservice/genproto/oteldemo/demo.pb.go:1843.63,1845.14 2 0
github.com/MichaelRobotics/Kubernetes/opentelemetry-demo/src/usermanagementservice/genproto/oteldemo/demo.pb.go:1845.14,1847.34 2 0
github.com/MichaelRobotics/Kubernetes/opentelemetry-demo/src/usermanagementservice/genproto/oteldemo/demo.pb.go:1847.34,1849.4 1 0
github.com/MichaelRobotics/Kubernetes/opentelemetry-demo/src/usermanagementservice/genproto/oteldemo/demo.pb.go:1850.3,1850.12 1 0
github.com/MichaelRobotics/Kubernetes/opentelemetry-demo/src/usermanagementservice/genproto/oteldemo/demo.pb.go:1852.2,1852.24 1 0
github.com/MichaelRobotics/Kubernetes/opentelemetry-demo/src/usermanagementservice/genproto/oteldemo/demo.pb.go:1856.54,1858.2 1 0
github.com/MichaelRobotics/Kubernetes/opentelemetry-demo/src/usermanagementservice/genproto/oteldemo/demo.pb.go:1860.43,1861.14 1 0
github.com/MichaelRobotics/Kubernetes/opentelemetry-demo/src/usermanagementservice/genproto/oteldemo/demo.pb.go:1861.14,1863.3 1 0
github.com/MichaelRobotics/Kubernetes/opentelemetry-demo/src/usermanagementservice/genproto/oteldemo/demo.pb.go:1864.2,1864.12 1 0
github.com/MichaelRobotics/Kubernetes/opentelemetry-demo/src/usermanagementservice/genproto/oteldemo/demo.pb.go:1876.37,1881.2 4 0
github.com/MichaelRobotics/Kubernetes/opentelemetry-demo/src/usermanagementservice/genproto/oteldemo/demo.pb.go:1883.45,1885.2 1 0
github.com/MichaelRobotics/Kubernetes/opentelemetry-demo/src/usermanagementservice/genproto/oteldemo/demo.pb.go:1887.43,1887.44 0 0
github.com/MichaelRobotics/Kubernetes/opentelemetry-demo/src/usermanagementservice/genproto/oteldemo/demo.pb.go:1889.65,1891.14 2 0
github.com/MichaelRobotics/Kubernetes/opentelemetry-demo/src/usermanagementservice/genproto/oteldemo/demo.pb.go:1891.14,1893.34 2 0
github.com/MichaelRobotics/Kubernetes/opentelemetry-demo/src/usermanagementservice/genproto/oteldemo/demo.pb.go:1893.34,1895.4 1 0
github.com/MichaelRobotics/Kubernetes/opentelemetry-demo/src/usermanagementservice/genproto/oteldemo/demo.pb.go:1896.3,1896.12 1 0
github.com/MichaelRobotics/Kubernetes/opentelemetry-demo/src/usermanagementservice/genproto/oteldemo/demo.pb.go:1898.2,1898.24 1 0
github.com/MichaelRobotics/Kubernetes/opentelemetry-demo/src/usermanagementservice/genproto/oteldemo/demo.pb.go:1902.56,1904.2 1 0
github.com/MichaelRobotics/Kubernetes/opentelemetry-demo/src/usermanagementservice/genproto/oteldemo/demo.pb.go:1906.46,1907.14 1 0
github.com/MichaelRobotics/Kubernetes/opentelemetry-demo/src/usermanagementservice/genproto/oteldemo/demo.pb.go:1907.14,1909.3 1 0
github.com/MichaelRobotics/Kubernetes/opentelemetry-demo/src/usermanagementservice/genproto/oteldemo/demo.pb.go:1910.2,1910.11 1 0
github.com/MichaelRobotics/Kubernetes/opentelemetry-demo/src/usermanagementservice/genproto/oteldemo/demo.pb.go:1913.53,1914.14 1 0
github.com/MichaelRobotics/Kubernetes/opentelemetry-demo/src/usermanagementservice/genproto/oteldemo/demo.pb.go:1914.14,1916.3 1 0
github.com/MichaelRobotics/Kubernetes/opentelemetry-demo/src/usermanagementservice/genproto/oteldemo/demo.pb.go:1917.2,1917.11 1 0
github.com/MichaelRobotics/Kubernetes/opentelemetry-demo/src/usermanagementservice/genproto/oteldemo/demo.pb.go:1920.47,1921.14 1 0
github.com/MichaelRobotics/Kubernetes/opentelemetry-demo/src/usermanagementservice/genproto/oteldemo/demo.pb.go:1921.14,1923.3 1 0
github.com/MichaelRobotics/Kubernetes/opentelemetry-demo/src/usermanagementservice/genproto/oteldemo/demo.pb.go:1924.2,1924.14 1 0
github.com/MichaelRobotics/Kubernetes/opentelemetry-demo/src/usermanagementservice/genproto/oteldemo/demo.pb.go:1934.38,1939.2 4 0
github.com/MichaelRobotics/Kubernetes/opentelemetry-demo/src/usermanagementservice/genproto/oteldemo/demo.pb.go:1941.46,1943.2 1 0
github.com/MichaelRobotics/Kubernetes/opentelemetry-demo/src/usermanagementservice/genproto/oteldemo/demo.pb.go:1945.44,1945.45 0 0
github.com/MichaelRobotics/Kubernetes/opentelemetry-demo/src/usermanagementservice/genproto/oteldemo/demo.pb.go:1947.66,1949.14 2 0
github.com/MichaelRobotics/Kubernetes/opentelemetry-demo/src/usermanagementservice/genproto/oteldemo/demo.pb.go:1949.14,1951.34 2 0
github.com/MichaelRobotics/Kubernetes/opentelemetry-demo/src/usermanagementservice/genproto/oteldemo/demo.pb.go:1951.34,1953.4 1 0
github.com/MichaelRobotics/Kubernetes/opentelemetry-demo/src/usermanagementservice/genproto/oteldemo/demo.pb.go:1954.3,1954.12 1 0
github.com/MichaelRobotics/Kubernetes/opentelemetry-demo/src/usermanagementservice/genproto/oteldemo/demo.pb.go:1956.2,1956.24 1 0
github.com/MichaelRobotics/Kubernetes/opentelemetry-demo/src/usermanagementservice/genproto/oteldemo/demo.pb.go:1960.57,1962.2 1 0
github.com/MichaelRobotics/Kubernetes/opentelemetry-demo/src/usermanagementservice/genproto/oteldemo/demo.pb.go:1964.46,1965.14 1 0
github.com/MichaelRobotics/Kubernetes/opentelemetry-demo/src/usermanagementservice/genproto/oteldemo/demo.pb.go:1965.14,1967.3 1 0
github.com/MichaelRobotics/Kubernetes/opentelemetry-demo/src/usermanagementservice/genproto/oteldemo/demo.pb.go:1968.2,1968.12 1 0
github.com/MichaelRobotics/Kubernetes/opentelemetry-demo/src/usermanagementservice/genproto/oteldemo/demo.pb.go:1979.37,1984.2 4 0
github.com/MichaelRobotics/Kubernetes/opentelemetry-demo/src/usermanagementservice/genproto/oteldemo/demo.pb.go:1986.45,1988.2 1 0
github.com/MichaelRobotics/Kubernetes/opentelemetry-demo/src/usermanagementservice/genproto/oteldemo/demo.pb.go:1990.43,1990.44 0 0
github.com/MichaelRobotics/Kubernetes/opentelemetry-demo/src/usermanagementservice/genproto/oteldemo/demo.pb.go:1992.65,1994.14 2 0
github.com/MichaelRobotics/Kubernetes/opentelemetry-demo/src/usermanagementservice/genproto/oteldemo/demo.pb.go:1994.14,1996.34 2 0
github.com/MichaelRobotics/Kubernetes/opentelemetry-demo/src/usermanagementservice/genproto/oteldemo/demo.pb.go:1996.34,1998.4 1 0
github.com/MichaelRobotics/Kubernetes/opentelemetry-demo/src/usermanagementservice/genproto/oteldemo/demo.pb.go:1999.3,1999.12 1 0
github.com/MichaelRobotics/Kubernetes/opentelemetry-demo/src/usermanagementservice/genproto/oteldemo/demo.pb.go:2001.2,2001.24 1 0
github.com/MichaelRobotics/Kubernetes/opentelemetry-demo/src/usermanagementservice/genproto/oteldemo/demo.pb.go:2005.56,2007.2 1 0
github.com/MichaelRobotics/Kubernetes/opentelemetry-demo/src/usermanagementservice/genproto/oteldemo/demo.pb.go:2009.46,2010.14 1 0
github.com/MichaelRobotics/Kubernetes/opentelemetry-demo/src/usermanagementservice/genproto/oteldemo/demo.pb.go:2010.14,2012.3 1 0
github.com/MichaelRobotics/Kubernetes/opentelemetry-demo/src/usermanagementservice/genproto/oteldemo/demo.pb.go:2013.2,2013.11 1 0
github.com/MichaelRobotics/Kubernetes/opentelemetry-demo/src/usermanagementservice/genproto/oteldemo/demo.pb.go:2016.47,2017.14 1 0
github.com/MichaelRobotics/Kubernetes/opentelemetry-demo/src/usermanagementservice/genproto/oteldemo/demo.pb.go:2017.14,2019.3 1 0
github.com/MichaelRobotics/Kubernetes/opentelemetry-demo/src/usermanagementservice/genproto/oteldemo/demo.pb.go:2020.2,2020.14 1 0
github.com/MichaelRobotics/Kubernetes/opentelemetry-demo/src/usermanagementservice/genproto/oteldemo/demo.pb.go:2029.38,2034.2 4 0
github.com/MichaelRobotics/Kubernetes/opentelemetry-demo/src/usermanagementservice/genproto/oteldemo/demo.pb.go:2036.46,2038.2 1 0
github.com/MichaelRobotics/Kubernetes/opentelemetry-demo/src/usermanagementservice/genproto/oteldemo/demo.pb.go:2040.44,2040.45 0 0
github.com/MichaelRobotics/Kubernetes/opentelemetry-demo/src/usermanagementservice/genproto/oteldemo/demo.pb.go:2042.66,2044.14 2 0
github.com/MichaelRobotics/Kubernetes/opentelemetry-demo/src/usermanagementservice/genproto/oteldemo/demo.pb.go:2044.14,2046.34 2 0
github.com/MichaelRobotics/Kubernetes/opentelemetry-demo/src/usermanagementservice/genproto/oteldemo/demo.pb.go:2046.34,2048.4 1 0
github.com/MichaelRobotics/Kubernetes/opentelemetry-demo/src/usermanagementservice/genproto/oteldemo/demo.pb.go:2049.3,2049.12 1 0
github.com/MichaelRobotics/Kubernetes/opentelemetry-demo/src/usermanagementservice/genproto/oteldemo/demo.pb.go:2051.2,2051.24 1 0
github.com/MichaelRobotics/Kubernetes/opentelemetry-demo/src/usermanagementservice/genproto/oteldemo/demo.pb.go:2055.57,2057.2 1 0
github.com/MichaelRobotics/Kubernetes/opentelemetry-demo/src/usermanagementservice/genproto/oteldemo/demo.pb.go:2065.36,2070.2 4 0
github.com/MichaelRobotics/Kubernetes/opentelemetry-demo/src/usermanagementservice/genproto/oteldemo/demo.pb.go:2072.44,2074.2 1 0
github.com/MichaelRobotics/Kubernetes/opentelemetry-demo/src/usermanagementservice/genproto/oteldemo/demo.pb.go:2076.42,2076.43 0 0
github.com/MichaelRobotics/Kubernetes/opentelemetry-demo/src/usermanagementservice/genproto/oteldemo/demo.pb.go:2078.64,2080.14 2 0
github.com/MichaelRobotics/Kubernetes/opentelemetry-demo/src/usermanagementservice/genproto/oteldemo/demo.pb.go:2080.14,2082.34 2 0
github.com/MichaelRobotics/Kubernetes/opentelemetry-demo/src/usermanagementservice/genproto/oteldemo/demo.pb.go:2082.34,2084.4 1 0
github.com/MichaelRobotics/Kubernetes/opentelemetry-demo/src/usermanagementservice/genproto/oteldemo/demo.pb.go:2085.3,2085.12 1 0
github.com/MichaelRobotics/Kubernetes/opentelemetry-demo/src/usermanagementservice/genproto/oteldemo/demo.pb.go:2087.2,2087.24 1 0
github.com/MichaelRobotics/Kubernetes/opentelemetry-demo/src/usermanagementservice/genproto/oteldemo/demo.pb.go:2091.55,2093.2 1 0
github.com/MichaelRobotics/Kubernetes/opentelemetry-demo/src/usermanagementservice/genproto/oteldemo/demo.pb.go:2102.37,2107.2 4 0
github.com/MichaelRobotics/Kubernetes/opentelemetry-demo/src/usermanagementservice/genproto/oteldemo/demo.pb.go:2109.45,2111.2 1 0
github.com/MichaelRobotics/Kubernetes/opentelemetry-demo/src/usermanagementservice/genproto/oteldemo/demo.pb.go:2113.43,2113.44 0 0
github.com/MichaelRobotics/Kubernetes/opentelemetry-demo/src/usermanagementservice/genproto/oteldemo/demo.pb.go:2115.65,2117.14 2 0
github.com/MichaelRobotics/Kubernetes/opentelemetry-demo/src/usermanagementservice/genproto/oteldemo/demo.pb.go:2117.14,2119.34 2 0
github.com/MichaelRobotics/Kubernetes/opentelemetry-demo/src/usermanagementservice/genproto/oteldemo/demo.pb.go:2119.34,2121.4 1 0
github.com/MichaelRobotics/Kubernetes/opentelemetry-demo/src/usermanagementservice/genproto/oteldemo/demo.pb.go:2122.3,2122.12 1 0
github.com/MichaelRobotics/Kubernetes/opentelemetry-demo/src/usermanagementservice/genproto/oteldemo/demo.pb.go:2124.2,2124.24 1 0
github.com/MichaelRobotics/Kubernetes/opentelemetry-demo/src/usermanagementservice/genproto/oteldemo/demo.pb.go:2128.56,2130.2 1 0
github.com/MichaelRobotics/Kubernetes/opentelemetry-demo/src/usermanagementservice/genproto/oteldemo/demo.pb.go:2132.47,2133.14 1 0
github.com/MichaelRobotics/Kubernetes/opentelemetry-demo/src/usermanagementservice/genproto/oteldemo/demo.pb.go:2133.14,2135.3 1 0
github.com/MichaelRobotics/Kubernetes/opentelemetry-demo/src/usermanagementservice/genproto/oteldemo/demo.pb.go:2136.2,2136.12 1 0
github.com/MichaelRobotics/Kubernetes/opentelemetry-demo/src/usermanagementservice/genproto/oteldemo/demo.pb.go:2146.37,2151.2 4 0
github.com/MichaelRobotics/Kubernetes/opentelemetry-demo/src/usermanagementservice/genproto/oteldemo/demo.pb.go:2153.45,2155.2 1 0
github.com/MichaelRobotics/Kubernetes/opentelemetry-demo/src/usermanagementservice/genproto/oteldemo/demo.pb.go:2157.43,2157.44 0 0
github.com/MichaelRobotics/Kubernetes/opentelemetry-demo/src/usermanagementservice/genproto/oteldemo/demo.pb.go:2159.65,2161.14 2 0
github.com/MichaelRobotics/Kubernetes/opentelemetry-demo/src/usermanagementservice/genproto/oteldemo/demo.pb.go:2161.14,2163.34 2 0
github.com/MichaelRobotics/Kubernetes/opentelemetry-demo/src/usermanagementservice/genproto/oteldemo/demo.pb.go:2163.34,2165.4 1 0
github.com/MichaelRobotics/Kubernetes/opentelemetry-demo/src/usermanagementservice/genproto/oteldemo/demo.pb.go:2166.3,2166.12 1 0
github.com/MichaelRobotics/Kubernetes/opentelemetry-demo/src/usermanagementservice/genproto/oteldemo/demo.pb.go:2168.2,2168.24 1 0
github.com/MichaelRobotics/Kubernetes/opentelemetry-demo/src/usermanagementservice/genproto/oteldemo/demo.pb.go:2172.56,2174.2 1 0
github.com/MichaelRobotics/Kubernetes/opentelemetry-demo/src/usermanagementservice/genproto/oteldemo/demo.pb.go:2176.46,2177.14 1 0
github.com/MichaelRobotics/Kubernetes/opentelemetry-demo/src/usermanagementservice/genproto/oteldemo/demo.pb.go:2177.14,2179.3 1 0
github.com/MichaelRobotics/Kubernetes/opentelemetry-demo/src/usermanagementservice/genproto/oteldemo/demo.pb.go:2180.2,2180.11 1 0
github.com/MichaelRobotics/Kubernetes/opentelemetry-demo/src/usermanagementservice/genproto/oteldemo/demo.pb.go:2189.38,2194.2 4 0
github.com/MichaelRobotics/Kubernetes/opentelemetry-demo/src/usermanagementservice/genproto/oteldemo/demo.pb.go:2196.46,2198.2 1 0
github.com/MichaelRobotics/Kubernetes/opentelemetry-demo/src/usermanagementservice/genproto/oteldemo/demo.pb.go:2200.44,2200.45 0 0
github.com/MichaelRobotics/Kubernetes/opentelemetry-demo/src/usermanagementservice/genproto/oteldemo/demo.pb.go:2202.66,2204.14 2 0
[...]
github.com/MichaelRobotics/Kubernetes/opentelemetry-demo/src/usermanagementservice/genproto/oteldemo/demo_grpc.pb.go:1039.59,1041.3 1 0
github.com/MichaelRobotics/Kubernetes/opentelemetry-demo/src/usermanagementservice/genproto/oteldemo/demo_grpc.pb.go:1042.2,1042.54 1 0
github.com/MichaelRobotics/Kubernetes/opentelemetry-demo/src/usermanagementservice/genproto/oteldemo/demo_grpc.pb.go:1045.171,1047.32 2 0
github.com/MichaelRobotics/Kubernetes/opentelemetry-demo/src/usermanagementservice/genproto/oteldemo/demo_grpc.pb.go:1047.32,1049.3 1 0
github.com/MichaelRobotics/Kubernetes/opentelemetry-demo/src/usermanagementservice/genproto/oteldemo/demo_grpc.pb.go:1050.2,1050.24 1 0
github.com/MichaelRobotics/Kubernetes/opentelemetry-demo/src/usermanagementservice/genproto/oteldemo/demo_grpc.pb.go:1050.24,1052.3 1 0
github.com/MichaelRobotics/Kubernetes/opentelemetry-demo/src/usermanagementservice/genproto/oteldemo/demo_grpc.pb.go:1053.2,1057.77 2 0
github.com/MichaelRobotics/Kubernetes/opentelemetry-demo/src/usermanagementservice/genproto/oteldemo/demo_grpc.pb.go:1057.77,1059.3 1 0
github.com/MichaelRobotics/Kubernetes/opentelemetry-demo/src/usermanagementservice/genproto/oteldemo/demo_grpc.pb.go:1060.2,1060.44 1 0
github.com/MichaelRobotics/Kubernetes/opentelemetry-demo/src/usermanagementservice/genproto/oteldemo/demo_grpc.pb.go:1094.70,1096.2 1 0
github.com/MichaelRobotics/Kubernetes/opentelemetry-demo/src/usermanagementservice/genproto/oteldemo/demo_grpc.pb.go:1098.116,1102.16 4 0
github.com/MichaelRobotics/Kubernetes/opentelemetry-demo/src/usermanagementservice/genproto/oteldemo/demo_grpc.pb.go:1102.16,1104.3 1 0
github.com/MichaelRobotics/Kubernetes/opentelemetry-demo/src/usermanagementservice/genproto/oteldemo/demo_grpc.pb.go:1105.2,1105.17 1 0
github.com/MichaelRobotics/Kubernetes/opentelemetry-demo/src/usermanagementservice/genproto/oteldemo/demo_grpc.pb.go:1123.94,1125.2 1 0
github.com/MichaelRobotics/Kubernetes/opentelemetry-demo/src/usermanagementservice/genproto/oteldemo/demo_grpc.pb.go:1126.78,1126.79 0 0
github.com/MichaelRobotics/Kubernetes/opentelemetry-demo/src/usermanagementservice/genproto/oteldemo/demo_grpc.pb.go:1127.78,1127.79 0 0
github.com/MichaelRobotics/Kubernetes/opentelemetry-demo/src/usermanagementservice/genproto/oteldemo/demo_grpc.pb.go:1136.76,1141.59 1 0
github.com/MichaelRobotics/Kubernetes/opentelemetry-demo/src/usermanagementservice/genproto/oteldemo/demo_grpc.pb.go:1141.59,1143.3 1 0
github.com/MichaelRobotics/Kubernetes/opentelemetry-demo/src/usermanagementservice/genproto/oteldemo/demo_grpc.pb.go:1144.2,1144.48 1 0
github.com/MichaelRobotics/Kubernetes/opentelemetry-demo/src/usermanagementservice/genproto/oteldemo/demo_grpc.pb.go:1147.161,1149.32 2 0
github.com/MichaelRobotics/Kubernetes/opentelemetry-demo/src/usermanagementservice/genproto/oteldemo/demo_grpc.pb.go:1149.32,1151.3 1 0
github.com/MichaelRobotics/Kubernetes/opentelemetry-demo/src/usermanagementservice/genproto/oteldemo/demo_grpc.pb.go:1152.2,1152.24 1 0
github.com/MichaelRobotics/Kubernetes/opentelemetry-demo/src/usermanagementservice/genproto/oteldemo/demo_grpc.pb.go:1152.24,1154.3 1 0
github.com/MichaelRobotics/Kubernetes/opentelemetry-demo/src/usermanagementservice/genproto/oteldemo/demo_grpc.pb.go:1155.2,1159.77 2 0
github.com/MichaelRobotics/Kubernetes/opentelemetry-demo/src/usermanagementservice/genproto/oteldemo/demo_grpc.pb.go:1159.77,1161.3 1 0
github.com/MichaelRobotics/Kubernetes/opentelemetry-demo/src/usermanagementservice/genproto/oteldemo/demo_grpc.pb.go:1162.2,1162.44 1 0
github.com/MichaelRobotics/Kubernetes/opentelemetry-demo/src/usermanagementservice/genproto/oteldemo/demo_grpc.pb.go:1204.88,1206.2 1 0
github.com/MichaelRobotics/Kubernetes/opentelemetry-demo/src/usermanagementservice/genproto/oteldemo/demo_grpc.pb.go:1208.136,1212.16 4 0
github.com/MichaelRobotics/Kubernetes/opentelemetry-demo/src/usermanagementservice/genproto/oteldemo/demo_grpc.pb.go:1212.16,1214.3 1 0
github.com/MichaelRobotics/Kubernetes/opentelemetry-demo/src/usermanagementservice/genproto/oteldemo/demo_grpc.pb.go:1215.2,1215.17 1 0
github.com/MichaelRobotics/Kubernetes/opentelemetry-demo/src/usermanagementservice/genproto/oteldemo/demo_grpc.pb.go:1218.145,1222.16 4 0
github.com/MichaelRobotics/Kubernetes/opentelemetry-demo/src/usermanagementservice/genproto/oteldemo/demo_grpc.pb.go:1222.16,1224.3 1 0
github.com/MichaelRobotics/Kubernetes/opentelemetry-demo/src/usermanagementservice/genproto/oteldemo/demo_grpc.pb.go:1225.2,1225.17 1 0
github.com/MichaelRobotics/Kubernetes/opentelemetry-demo/src/usermanagementservice/genproto/oteldemo/demo_grpc.pb.go:1228.145,1232.16 4 0
github.com/MichaelRobotics/Kubernetes/opentelemetry-demo/src/usermanagementservice/genproto/oteldemo/demo_grpc.pb.go:1232.16,1234.3 1 0
github.com/MichaelRobotics/Kubernetes/opentelemetry-demo/src/usermanagementservice/genproto/oteldemo/demo_grpc.pb.go:1235.2,1235.17 1 0
github.com/MichaelRobotics/Kubernetes/opentelemetry-demo/src/usermanagementservice/genproto/oteldemo/demo_grpc.pb.go:1238.142,1242.16 4 0
github.com/MichaelRobotics/Kubernetes/opentelemetry-demo/src/usermanagementservice/genproto/oteldemo/demo_grpc.pb.go:1242.16,1244.3 1 0
github.com/MichaelRobotics/Kubernetes/opentelemetry-demo/src/usermanagementservice/genproto/oteldemo/demo_grpc.pb.go:1245.2,1245.17 1 0
github.com/MichaelRobotics/Kubernetes/opentelemetry-demo/src/usermanagementservice/genproto/oteldemo/demo_grpc.pb.go:1248.145,1252.16 4 0
github.com/MichaelRobotics/Kubernetes/opentelemetry-demo/src/usermanagementservice/genproto/oteldemo/demo_grpc.pb.go:1252.16,1254.3 1 0
github.com/MichaelRobotics/Kubernetes/opentelemetry-demo/src/usermanagementservice/genproto/oteldemo/demo_grpc.pb.go:1255.2,1255.17 1 0
github.com/MichaelRobotics/Kubernetes/opentelemetry-demo/src/usermanagementservice/genproto/oteldemo/demo_grpc.pb.go:1277.114,1279.2 1 0
github.com/MichaelRobotics/Kubernetes/opentelemetry-demo/src/usermanagementservice/genproto/oteldemo/demo_grpc.pb.go:1280.123,1282.2 1 0
github.com/MichaelRobotics/Kubernetes/opentelemetry-demo/src/usermanagementservice/genproto/oteldemo/demo_grpc.pb.go:1283.123,1285.2 1 0
github.com/MichaelRobotics/Kubernetes/opentelemetry-demo/src/usermanagementservice/genproto/oteldemo/demo_grpc.pb.go:1286.120,1288.2 1 0
github.com/MichaelRobotics/Kubernetes/opentelemetry-demo/src/usermanagementservice/genproto/oteldemo/demo_grpc.pb.go:1289.123,1291.2 1 0
github.com/MichaelRobotics/Kubernetes/opentelemetry-demo/src/usermanagementservice/genproto/oteldemo/demo_grpc.pb.go:1292.96,1292.97 0 0
github.com/MichaelRobotics/Kubernetes/opentelemetry-demo/src/usermanagementservice/genproto/oteldemo/demo_grpc.pb.go:1293.96,1293.97 0 0
github.com/MichaelRobotics/Kubernetes/opentelemetry-demo/src/usermanagementservice/genproto/oteldemo/demo_grpc.pb.go:1302.94,1307.59 1 0
github.com/MichaelRobotics/Kubernetes/opentelemetry-demo/src/usermanagementservice/genproto/oteldemo/demo_grpc.pb.go:1307.59,1309.3 1 0
github.com/MichaelRobotics/Kubernetes/opentelemetry-demo/src/usermanagementservice/genproto/oteldemo/demo_grpc.pb.go:1310.2,1310.57 1 0
github.com/MichaelRobotics/Kubernetes/opentelemetry-demo/src/usermanagementservice/genproto/oteldemo/demo_grpc.pb.go:1313.171,1315.32 2 0
github.com/MichaelRobotics/Kubernetes/opentelemetry-demo/src/usermanagementservice/genproto/oteldemo/demo_grpc.pb.go:1315.32,1317.3 1 0
github.com/MichaelRobotics/Kubernetes/opentelemetry-demo/src/usermanagementservice/genproto/oteldemo/demo_grpc.pb.go:1318.2,1318.24 1 0
github.com/MichaelRobotics/Kubernetes/opentelemetry-demo/src/usermanagementservice/genproto/oteldemo/demo_grpc.pb.go:1318.24,1320.3 1 0
github.com/MichaelRobotics/Kubernetes/opentelemetry-demo/src/usermanagementservice/genproto/oteldemo/demo_grpc.pb.go:1321.2,1325.77 2 0
github.com/MichaelRobotics/Kubernetes/opentelemetry-demo/src/usermanagementservice/genproto/oteldemo/demo_grpc.pb.go:1325.77,1327.3 1 0
github.com/MichaelRobotics/Kubernetes/opentelemetry-demo/src/usermanagementservice/genproto/oteldemo/demo_grpc.pb.go:1328.2,1328.44 1 0
github.com/MichaelRobotics/Kubernetes/opentelemetry-demo/src/usermanagementservice/genproto/oteldemo/demo_grpc.pb.go:1331.174,1333.32 2 0
github.com/MichaelRobotics/Kubernetes/opentelemetry-demo/src/usermanagementservice/genproto/oteldemo/demo_grpc.pb.go:1333.32,1335.3 1 0
github.com/MichaelRobotics/Kubernetes/opentelemetry-demo/src/usermanagementservice/genproto/oteldemo/demo_grpc.pb.go:1336.2,1336.24 1 0
github.com/MichaelRobotics/Kubernetes/opentelemetry-demo/src/usermanagementservice/genproto/oteldemo/demo_grpc.pb.go:1336.24,1338.3 1 0
github.com/MichaelRobotics/Kubernetes/opentelemetry-demo/src/usermanagementservice/genproto/oteldemo/demo_grpc.pb.go:1339.2,1343.77 2 0
github.com/MichaelRobotics/Kubernetes/opentelemetry-demo/src/usermanagementservice/genproto/oteldemo/demo_grpc.pb.go:1343.77,1345.3 1 0
github.com/MichaelRobotics/Kubernetes/opentelemetry-demo/src/usermanagementservice/genproto/oteldemo/demo_grpc.pb.go:1346.2,1346.44 1 0
github.com/MichaelRobotics/Kubernetes/opentelemetry-demo/src/usermanagementservice/genproto/oteldemo/demo_grpc.pb.go:1349.174,1351.32 2 0
github.com/MichaelRobotics/Kubernetes/opentelemetry-demo/src/usermanagementservice/genproto/oteldemo/demo_grpc.pb.go:1351.32,1353.3 1 0
github.com/MichaelRobotics/Kubernetes/opentelemetry-demo/src/usermanagementservice/genproto/oteldemo/demo_grpc.pb.go:1354.2,1354.24 1 0
github.com/MichaelRobotics/Kubernetes/opentelemetry-demo/src/usermanagementservice/genproto/oteldemo/demo_grpc.pb.go:1354.24,1356.3 1 0
github.com/MichaelRobotics/Kubernetes/opentelemetry-demo/src/usermanagementservice/genproto/oteldemo/demo_grpc.pb.go:1357.2,1361.77 2 0
github.com/MichaelRobotics/Kubernetes/opentelemetry-demo/src/usermanagementservice/genproto/oteldemo/demo_grpc.pb.go:1361.77,1363.3 1 0
github.com/MichaelRobotics/Kubernetes/opentelemetry-demo/src/usermanagementservice/genproto/oteldemo/demo_grpc.pb.go:1364.2,1364.44 1 0
github.com/MichaelRobotics/Kubernetes/opentelemetry-demo/src/usermanagementservice/genproto/oteldemo/demo_grpc.pb.go:1367.173,1369.32 2 0
github.com/MichaelRobotics/Kubernetes/opentelemetry-demo/src/usermanagementservice/genproto/oteldemo/demo_grpc.pb.go:1369.32,1371.3 1 0
github.com/MichaelRobotics/Kubernetes/opentelemetry-demo/src/usermanagementservice/genproto/oteldemo/demo_grpc.pb.go:1372.2,1372.24 1 0
github.com/MichaelRobotics/Kubernetes/opentelemetry-demo/src/usermanagementservice/genproto/oteldemo/demo_grpc.pb.go:1372.24,1374.3 1 0
github.com/MichaelRobotics/Kubernetes/opentelemetry-demo/src/usermanagementservice/genproto/oteldemo/demo_grpc.pb.go:1375.2,1379.77 2 0
github.com/MichaelRobotics/Kubernetes/opentelemetry-demo/src/usermanagementservice/genproto/oteldemo/demo_grpc.pb.go:1379.77,1381.3 1 0
github.com/MichaelRobotics/Kubernetes/opentelemetry-demo/src/usermanagementservice/genproto/oteldemo/demo_grpc.pb.go:1382.2,1382.44 1 0
github.com/MichaelRobotics/Kubernetes/opentelemetry-demo/src/usermanagementservice/genproto/oteldemo/demo_grpc.pb.go:1385.174,1387.32 2 0
github.com/MichaelRobotics/Kubernetes/opentelemetry-demo/src/usermanagementservice/genproto/oteldemo/demo_grpc.pb.go:1387.32,1389.3 1 0
github.com/MichaelRobotics/Kubernetes/opentelemetry-demo/src/usermanagementservice/genproto/oteldemo/demo_grpc.pb.go:1390.2,1390.24 1 0
github.com/MichaelRobotics/Kubernetes/opentelemetry-demo/src/usermanagementservice/genproto/oteldemo/demo_grpc.pb.go:1390.24,1392.3 1 0
github.com/MichaelRobotics/Kubernetes/opentelemetry-demo/src/usermanagementservice/genproto/oteldemo/demo_grpc.pb.go:1393.2,1397.77 2 0
github.com/MichaelRobotics/Kubernetes/opentelemetry-demo/src/usermanagementservice/genproto/oteldemo/demo_grpc.pb.go:1397.77,1399.3 1 0
github.com/MichaelRobotics/Kubernetes/opentelemetry-demo/src/usermanagementservice/genproto/oteldemo/demo_grpc.pb.go:1400.2,1400.44 1 0
github.com/MichaelRobotics/Kubernetes/opentelemetry-demo/src/usermanagementservice/genproto/oteldemo/demo_grpc.pb.go:1454.94,1456.2 1 0
github.com/MichaelRobotics/Kubernetes/opentelemetry-demo/src/usermanagementservice/genproto/oteldemo/demo_grpc.pb.go:1458.142,1462.16 4 0
github.com/MichaelRobotics/Kubernetes/opentelemetry-demo/src/usermanagementservice/genproto/oteldemo/demo_grpc.pb.go:1462.16,1464.3 1 0
github.com/MichaelRobotics/Kubernetes/opentelemetry-demo/src/usermanagementservice/genproto/oteldemo/demo_grpc.pb.go:1465.2,1465.17 1 0
github.com/MichaelRobotics/Kubernetes/opentelemetry-demo/src/usermanagementservice/genproto/oteldemo/demo_grpc.pb.go:1468.133,1472.16 4 0
github.com/MichaelRobotics/Kubernetes/opentelemetry-demo/src/usermanagementservice/genproto/oteldemo/demo_grpc.pb.go:1472.16,1474.3 1 0
github.com/MichaelRobotics/Kubernetes/opentelemetry-demo/src/usermanagementservice/genproto/oteldemo/demo_grpc.pb.go:1475.2,1475.17 1 0
github.com/MichaelRobotics/Kubernetes/opentelemetry-demo/src/usermanagementservice/genproto/oteldemo/demo_grpc.pb.go:1478.136,1482.16 4 0
github.com/MichaelRobotics/Kubernetes/opentelemetry-demo/src/usermanagementservice/genproto/oteldemo/demo_grpc.pb.go:1482.16,1484.3 1 0
github.com/MichaelRobotics/Kubernetes/opentelemetry-demo/src/usermanagementservice/genproto/oteldemo/demo_grpc.pb.go:1485.2,1485.17 1 0
github.com/MichaelRobotics/Kubernetes/opentelemetry-demo/src/usermanagementservice/genproto/oteldemo/demo_grpc.pb.go:1505.120,1507.2 1 0
github.com/MichaelRobotics/Kubernetes/opentelemetry-demo/src/usermanagementservice/genproto/oteldemo/demo_grpc.pb.go:1508.111,1510.2 1 0
github.com/MichaelRobotics/Kubernetes/opentelemetry-demo/src/usermanagementservice/genproto/oteldemo/demo_grpc.pb.go:1511.114,1513.2 1 0
github.com/MichaelRobotics/Kubernetes/opentelemetry-demo/src/usermanagementservice/genproto/oteldemo/demo_grpc.pb.go:1514.102,1514.103 0 0
github.com/MichaelRobotics/Kubernetes/opentelemetry-demo/src/usermanagementservice/genproto/oteldemo/demo_grpc.pb.go:1515.102,1515.103 0 0
github.com/MichaelRobotics/Kubernetes/opentelemetry-demo/src/usermanagementservice/genproto/oteldemo/demo_grpc.pb.go:1524.100,1529.59 1 0
github.com/MichaelRobotics/Kubernetes/opentelemetry-demo/src/usermanagementservice/genproto/oteldemo/demo_grpc.pb.go:1529.59,1531.3 1 0
github.com/MichaelRobotics/Kubernetes/opentelemetry-demo/src/usermanagementservice/genproto/oteldemo/demo_grpc.pb.go:1532.2,1532.60 1 0
github.com/MichaelRobotics/Kubernetes/opentelemetry-demo/src/usermanagementservice/genproto/oteldemo/demo_grpc.pb.go:1535.175,1537.32 2 0
github.com/MichaelRobotics/Kubernetes/opentelemetry-demo/src/usermanagementservice/genproto/oteldemo/demo_grpc.pb.go:1537.32,1539.3 1 0
github.com/MichaelRobotics/Kubernetes/opentelemetry-demo/src/usermanagementservice/genproto/oteldemo/demo_grpc.pb.go:1540.2,1540.24 1 0
github.com/MichaelRobotics/Kubernetes/opentelemetry-demo/src/usermanagementservice/genproto/oteldemo/demo_grpc.pb.go:1540.24,1542.3 1 0
github.com/MichaelRobotics/Kubernetes/opentelemetry-demo/src/usermanagementservice/genproto/oteldemo/demo_grpc.pb.go:1543.2,1547.77 2 0
github.com/MichaelRobotics/Kubernetes/opentelemetry-demo/src/usermanagementservice/genproto/oteldemo/demo_grpc.pb.go:1547.77,1549.3 1 0
github.com/MichaelRobotics/Kubernetes/opentelemetry-demo/src/usermanagementservice/genproto/oteldemo/demo_grpc.pb.go:1550.2,1550.44 1 0
github.com/MichaelRobotics/Kubernetes/opentelemetry-demo/src/usermanagementservice/genproto/oteldemo/demo_grpc.pb.go:1553.172,1555.32 2 0
github.com/MichaelRobotics/Kubernetes/opentelemetry-demo/src/usermanagementservice/genproto/oteldemo/demo_grpc.pb.go:1555.32,1557.3 1 0
github.com/MichaelRobotics/Kubernetes/opentelemetry-demo/src/usermanagementservice/genproto/oteldemo/demo_grpc.pb.go:1558.2,1558.24 1 0
github.com/MichaelRobotics/Kubernetes/opentelemetry-demo/src/usermanagementservice/genproto/oteldemo/demo_grpc.pb.go:1558.24,1560.3 1 0
github.com/MichaelRobotics/Kubernetes/opentelemetry-demo/src/usermanagementservice/genproto/oteldemo/demo_grpc.pb.go:1561.2,1565.77 2 0
github.com/MichaelRobotics/Kubernetes/opentelemetry-demo/src/usermanagementservice/genproto/oteldemo/demo_grpc.pb.go:1565.77,1567.3 1 0
github.com/MichaelRobotics/Kubernetes/opentelemetry-demo/src/usermanagementservice/genproto/oteldemo/demo_grpc.pb.go:1568.2,1568.44 1 0
github.com/MichaelRobotics/Kubernetes/opentelemetry-demo/src/usermanagementservice/genproto/oteldemo/demo_grpc.pb.go:1571.173,1573.32 2 0
github.com/MichaelRobotics/Kubernetes/opentelemetry-demo/src/usermanagementservice/genproto/oteldemo/demo_grpc.pb.go:1573.32,1575.3 1 0
github.com/MichaelRobotics/Kubernetes/opentelemetry-demo/src/usermanagementservice/genproto/oteldemo/demo_grpc.pb.go:1576.2,1576.24 1 0
github.com/MichaelRobotics/Kubernetes/opentelemetry-demo/src/usermanagementservice/genproto/oteldemo/demo_grpc.pb.go:1576.24,1578.3 1 0
github.com/MichaelRobotics/Kubernetes/opentelemetry-demo/src/usermanagementservice/genproto/oteldemo/demo_grpc.pb.go:1579.2,1583.77 2 0
github.com/MichaelRobotics/Kubernetes/opentelemetry-demo/src/usermanagementservice/genproto/oteldemo/demo_grpc.pb.go:1583.77,1585.3 1 0
github.com/MichaelRobotics/Kubernetes/opentelemetry-demo/src/usermanagementservice/genproto/oteldemo/demo_grpc.pb.go:1586.2,1586.44 1 0
github.com/MichaelRobotics/Kubernetes/opentelemetry-demo/src/usermanagementservice/handlers/auth.go:28.85,34.2 1 1
github.com/MichaelRobotics/Kubernetes/opentelemetry-demo/src/usermanagementservice/handlers/auth.go:37.108,42.27 3 1
github.com/MichaelRobotics/Kubernetes/opentelemetry-demo/src/usermanagementservice/handlers/auth.go:42.27,46.3 3 1
github.com/MichaelRobotics/Kubernetes/opentelemetry-demo/src/usermanagementservice/handlers/auth.go:47.2,47.27 1 1
github.com/MichaelRobotics/Kubernetes/opentelemetry-demo/src/usermanagementservice/handlers/auth.go:47.27,51.3 3 1
github.com/MichaelRobotics/Kubernetes/opentelemetry-demo/src/usermanagementservice/handlers/auth.go:54.2,56.16 3 1
github.com/MichaelRobotics/Kubernetes/opentelemetry-demo/src/usermanagementservice/handlers/auth.go:56.16,60.3 3 1
github.com/MichaelRobotics/Kubernetes/opentelemetry-demo/src/usermanagementservice/handlers/auth.go:61.2,61.12 1 1
github.com/MichaelRobotics/Kubernetes/opentelemetry-demo/src/usermanagementservice/handlers/auth.go:61.12,65.3 3 1
github.com/MichaelRobotics/Kubernetes/opentelemetry-demo/src/usermanagementservice/handlers/auth.go:68.2,69.16 2 1
github.com/MichaelRobotics/Kubernetes/opentelemetry-demo/src/usermanagementservice/handlers/auth.go:69.16,73.3 3 1
github.com/MichaelRobotics/Kubernetes/opentelemetry-demo/src/usermanagementservice/handlers/auth.go:76.2,82.16 3 1
github.com/MichaelRobotics/Kubernetes/opentelemetry-demo/src/usermanagementservice/handlers/auth.go:82.16,86.3 3 1
github.com/MichaelRobotics/Kubernetes/opentelemetry-demo/src/usermanagementservice/handlers/auth.go:88.2,97.8 2 1
github.com/MichaelRobotics/Kubernetes/opentelemetry-demo/src/usermanagementservice/handlers/auth.go:101.99,113.16 6 1
github.com/MichaelRobotics/Kubernetes/opentelemetry-demo/src/usermanagementservice/handlers/auth.go:113.16,117.3 3 1
github.com/MichaelRobotics/Kubernetes/opentelemetry-demo/src/usermanagementservice/handlers/auth.go:120.2,121.16 2 1
github.com/MichaelRobotics/Kubernetes/opentelemetry-demo/src/usermanagementservice/handlers/auth.go:121.16,125.3 3 1
github.com/MichaelRobotics/Kubernetes/opentelemetry-demo/src/usermanagementservice/handlers/auth.go:128.2,134.16 3 1
github.com/MichaelRobotics/Kubernetes/opentelemetry-demo/src/usermanagementservice/handlers/auth.go:134.16,138.3 3 0
github.com/MichaelRobotics/Kubernetes/opentelemetry-demo/src/usermanagementservice/handlers/auth.go:140.2,148.8 2 1
github.com/MichaelRobotics/Kubernetes/opentelemetry-demo/src/usermanagementservice/handlers/auth.go:152.102,156.2 1 1
github.com/MichaelRobotics/Kubernetes/opentelemetry-demo/src/usermanagementservice/handlers/health.go:12.40,14.2 1 0
github.com/MichaelRobotics/Kubernetes/opentelemetry-demo/src/usermanagementservice/handlers/health.go:17.72,20.2 2 0
